------------------------------------------------------------------------------------------------------------------------------------
      name:  <unnamed>
       log:  C:\Users\toby_lowton\Documents\ERF_Research\Outputs/Main/CSA_Incomplete_Pathways_Over_65_Weeks_Prop_Manual.log
  log type:  text
 opened on:   6 Feb 2024, 16:52:46
...............................
Difference-in-difference with Multiple Time Periods

                                                         Number of obs = 4,128
Outcome model  : regression adjustment
Treatment model: none
------------------------------------------------------------------------------
             | Coefficient  Std. err.      z    P>|z|     [95% conf. interval]
-------------+----------------------------------------------------------------
g759         |
   t_735_736 |   .0001231   .0020462     0.06   0.952    -.0038873    .0041335
   t_736_737 |   .0003216   .0009417     0.34   0.733    -.0015241    .0021672
   t_737_738 |  -.0020944   .0015092    -1.39   0.165    -.0050524    .0008637
   t_738_739 |    -.00053   .0004994    -1.06   0.289    -.0015088    .0004489
   t_739_740 |  -.0022479   .0009379    -2.40   0.017    -.0040863   -.0004096
   t_740_741 |  -.0013769   .0006186    -2.23   0.026    -.0025893   -.0001644
   t_741_742 |   -.002392   .0007152    -3.34   0.001    -.0037937   -.0009903
   t_742_743 |   .0003753   .0009465     0.40   0.692    -.0014798    .0022304
   t_743_744 |   .0003354   .0009668     0.35   0.729    -.0015594    .0022303
   t_744_745 |   .0008121   .0006258     1.30   0.194    -.0004146    .0020387
   t_745_746 |  -.0012185   .0006773    -1.80   0.072     -.002546     .000109
   t_746_747 |  -.0005675    .000564    -1.01   0.314     -.001673     .000538
   t_747_748 |  -.0012462   .0004781    -2.61   0.009    -.0021832   -.0003092
   t_748_749 |  -.0018809   .0010868    -1.73   0.084    -.0040111    .0002493
   t_749_750 |  -.0003552   .0003012    -1.18   0.238    -.0009455    .0002352
   t_750_751 |  -.0015831   .0005326    -2.97   0.003     -.002627   -.0005392
   t_751_752 |  -.0013159   .0004532    -2.90   0.004    -.0022042   -.0004277
   t_752_753 |  -.0008341   .0003807    -2.19   0.028    -.0015803   -.0000879
   t_753_754 |   -.002173   .0011628    -1.87   0.062     -.004452     .000106
   t_754_755 |  -.0010261   .0002493    -4.12   0.000    -.0015147   -.0005374
   t_755_756 |   .0012421   .0009652     1.29   0.198    -.0006497     .003134
   t_756_757 |   .0007903   .0007637     1.03   0.301    -.0007065     .002287
   t_757_758 |   .0005161   .0008699     0.59   0.553    -.0011889     .002221
   t_758_759 |   .0003489    .000279     1.25   0.211     -.000198    .0008957
   t_758_760 |  -.0001624   .0004977    -0.33   0.744    -.0011379    .0008132
   t_758_761 |   .0004312   .0007541     0.57   0.567    -.0010469    .0019093
   t_758_762 |   .0006883   .0008235     0.84   0.403    -.0009258    .0023024
   t_758_763 |   .0005274   .0011274     0.47   0.640    -.0016821     .002737
   t_758_764 |   .0007343    .001656     0.44   0.657    -.0025114      .00398
   t_758_765 |    .000448   .0013132     0.34   0.733     -.002126    .0030219
   t_758_766 |   .0013558   .0011813     1.15   0.251    -.0009596    .0036712
------------------------------------------------------------------------------
Control: Never Treated

See Callaway and Sant'Anna (2021) for details
Pretrend Test. H0 Pre-treatment within window are equal to 0
chi2(23) =   201.0910
p-value  =     0.0000
File altnh.dta will be replaced
...............................
file altnh.dta saved

Difference-in-difference with Multiple Time Periods

                                                         Number of obs = 4,128
Outcome model  : regression adjustment
Treatment model: none
---------------------------------------------------------------------
            | Coefficient  Std. err.      t      [95% conf. interval]
------------+--------------------------------------------------------
g759        |
   t_735_736|   .0001231   .0023851     0.05    -.0066877     .006934
   t_736_737|   .0003216   .0010904     0.29    -.0027923    .0034355
   t_737_738|  -.0020944   .0015128    -1.38    -.0064143    .0022255
   t_738_739|    -.00053   .0004817    -1.10    -.0019056    .0008457
   t_739_740|  -.0022479   .0009773    -2.30    -.0050388    .0005429
   t_740_741|  -.0013769    .000613    -2.25    -.0031273    .0003735
   t_741_742|   -.002392   .0006797    -3.52     -.004333    -.000451
   t_742_743|   .0003753    .001042     0.36    -.0026004    .0033509
   t_743_744|   .0003354   .0006706     0.50    -.0015795    .0022503
   t_744_745|   .0008121   .0005824     1.39     -.000851    .0024751
   t_745_746|  -.0012185   .0006608    -1.84    -.0031054    .0006684
   t_746_747|  -.0005675   .0005027    -1.13    -.0020031    .0008681
   t_747_748|  -.0012462   .0004598    -2.71    -.0025593    .0000669
   t_748_749|  -.0018809   .0011701    -1.61    -.0052222    .0014603
   t_749_750|  -.0003552   .0003048    -1.17    -.0012254    .0005151
   t_750_751|  -.0015831   .0004833    -3.28    -.0029633   -.0002029
   t_751_752|  -.0013159   .0004538    -2.90    -.0026119     -.00002
   t_752_753|  -.0008341   .0004081    -2.04    -.0019996    .0003314
   t_753_754|   -.002173   .0013345    -1.63    -.0059838    .0016378
   t_754_755|  -.0010261   .0002792    -3.67    -.0018235   -.0002287
   t_755_756|   .0012421   .0010598     1.17    -.0017842    .0042684
   t_756_757|   .0007903   .0008111     0.97    -.0015259    .0031064
   t_757_758|   .0005161     .00084     0.61    -.0018826    .0029147
   t_758_759|   .0003489    .000302     1.16    -.0005135    .0012113
   t_758_760|  -.0001624   .0005131    -0.32    -.0016277     .001303
   t_758_761|   .0004312   .0008035     0.54    -.0018633    .0027257
   t_758_762|   .0006883   .0008879     0.78    -.0018473    .0032239
   t_758_763|   .0005274   .0011798     0.45    -.0028418    .0038967
   t_758_764|   .0007343   .0017505     0.42    -.0042645    .0057332
   t_758_765|    .000448   .0013993     0.32     -.003548    .0044439
   t_758_766|   .0013558   .0012921     1.05    -.0023339    .0050455
---------------------------------------------------------------------
Control: Never Treated

See Callaway and Sant'Anna (2021) for details
Test will be based on asymptotic VCoV
If you want aggregations based on WB, use option saverif() ad csdid_stats
ATT by Periods Before and After treatment
Event Study:Dynamic effects
------------------------------------------------------------------------------
             | Coefficient  Std. err.      z    P>|z|     [95% conf. interval]
-------------+----------------------------------------------------------------
     Pre_avg |  -.0007098   .0002831    -2.51   0.012    -.0012648   -.0001549
    Post_avg |   .0005464   .0009083     0.60   0.547    -.0012338    .0023267
        Tm23 |   .0001231   .0020462     0.06   0.952    -.0038873    .0041335
        Tm22 |   .0003216   .0009417     0.34   0.733    -.0015241    .0021672
        Tm21 |  -.0020944   .0015092    -1.39   0.165    -.0050524    .0008637
        Tm20 |    -.00053   .0004994    -1.06   0.289    -.0015088    .0004489
        Tm19 |  -.0022479   .0009379    -2.40   0.017    -.0040863   -.0004096
        Tm18 |  -.0013769   .0006186    -2.23   0.026    -.0025893   -.0001644
        Tm17 |   -.002392   .0007152    -3.34   0.001    -.0037937   -.0009903
        Tm16 |   .0003753   .0009465     0.40   0.692    -.0014798    .0022304
        Tm15 |   .0003354   .0009668     0.35   0.729    -.0015594    .0022303
        Tm14 |   .0008121   .0006258     1.30   0.194    -.0004146    .0020387
        Tm13 |  -.0012185   .0006773    -1.80   0.072     -.002546     .000109
        Tm12 |  -.0005675    .000564    -1.01   0.314     -.001673     .000538
        Tm11 |  -.0012462   .0004781    -2.61   0.009    -.0021832   -.0003092
        Tm10 |  -.0018809   .0010868    -1.73   0.084    -.0040111    .0002493
         Tm9 |  -.0003552   .0003012    -1.18   0.238    -.0009455    .0002352
         Tm8 |  -.0015831   .0005326    -2.97   0.003     -.002627   -.0005392
         Tm7 |  -.0013159   .0004532    -2.90   0.004    -.0022042   -.0004277
         Tm6 |  -.0008341   .0003807    -2.19   0.028    -.0015803   -.0000879
         Tm5 |   -.002173   .0011628    -1.87   0.062     -.004452     .000106
         Tm4 |  -.0010261   .0002493    -4.12   0.000    -.0015147   -.0005374
         Tm3 |   .0012421   .0009652     1.29   0.198    -.0006497     .003134
         Tm2 |   .0007903   .0007637     1.03   0.301    -.0007065     .002287
         Tm1 |   .0005161   .0008699     0.59   0.553    -.0011889     .002221
         Tp0 |   .0003489    .000279     1.25   0.211     -.000198    .0008957
         Tp1 |  -.0001624   .0004977    -0.33   0.744    -.0011379    .0008132
         Tp2 |   .0004312   .0007541     0.57   0.567    -.0010469    .0019093
         Tp3 |   .0006883   .0008235     0.84   0.403    -.0009258    .0023024
         Tp4 |   .0005274   .0011274     0.47   0.640    -.0016821     .002737
         Tp5 |   .0007343    .001656     0.44   0.657    -.0025114      .00398
         Tp6 |    .000448   .0013132     0.34   0.733     -.002126    .0030219
         Tp7 |   .0013558   .0011813     1.15   0.251    -.0009596    .0036712
------------------------------------------------------------------------------
(file C:\Users\local_toby_lowton\Temp\ST_3144_000008.tmp not found)
file C:\Users\local_toby_lowton\Temp\ST_3144_000008.tmp saved as .dta format

---------------------------------------------------------------------
            | Coefficient  Std. err.      t      [95% conf. interval]
------------+--------------------------------------------------------
    Pre_avg |  -.0007098   .0002791    -2.54    -.0016046    .0001849
   Post_avg |   .0005464   .0009007     0.61    -.0023408    .0034337
       Tm23 |   .0001231   .0019128     0.06    -.0060082    .0062544
       Tm22 |   .0003216   .0009012     0.36    -.0025671    .0032103
       Tm21 |  -.0020944   .0015535    -1.35    -.0070741    .0028854
       Tm20 |    -.00053   .0005095    -1.04    -.0021631    .0011032
       Tm19 |  -.0022479   .0009424    -2.39    -.0052688    .0007729
       Tm18 |  -.0013769   .0005855    -2.35    -.0032536    .0004999
       Tm17 |   -.002392   .0005516    -4.34    -.0041602   -.0006238
       Tm16 |   .0003753   .0009925     0.38     -.002806    .0035565
       Tm15 |   .0003354   .0005707     0.59    -.0014941    .0021649
       Tm14 |   .0008121   .0005666     1.43     -.001004    .0026281
       Tm13 |  -.0012185   .0006682    -1.82    -.0033603    .0009233
       Tm12 |  -.0005675   .0004308    -1.32    -.0019486    .0008135
       Tm11 |  -.0012462   .0004418    -2.82    -.0026625      .00017
       Tm10 |  -.0018809   .0010111    -1.86    -.0051219    .0013601
        Tm9 |  -.0003552   .0002824    -1.26    -.0012603      .00055
        Tm8 |  -.0015831   .0004583    -3.45    -.0030521   -.0001141
        Tm7 |  -.0013159   .0004629    -2.84    -.0027997    .0001679
        Tm6 |  -.0008341   .0003665    -2.28    -.0020088    .0003406
        Tm5 |   -.002173   .0011525    -1.89    -.0058672    .0015213
        Tm4 |  -.0010261   .0002647    -3.88    -.0018747   -.0001775
        Tm3 |   .0012421   .0009065     1.37    -.0016636    .0041479
        Tm2 |   .0007903   .0007535     1.05    -.0016251    .0032057
        Tm1 |   .0005161   .0008583     0.60    -.0022352    .0032674
        Tp0 |   .0003489   .0002899     1.20    -.0005804    .0012781
        Tp1 |  -.0001624   .0004836    -0.34    -.0017124    .0013877
        Tp2 |   .0004312   .0007553     0.57    -.0019899    .0028523
        Tp3 |   .0006883   .0008484     0.81    -.0020312    .0034078
        Tp4 |   .0005274   .0011021     0.48    -.0030054    .0040602
        Tp5 |   .0007343    .001672     0.44    -.0046251    .0060938
        Tp6 |    .000448   .0012773     0.35    -.0036463    .0045422
        Tp7 |   .0013558   .0011283     1.20    -.0022607    .0049723
---------------------------------------------------------------------
file Outputs/Main/CSA_Incomplete_Pathways_Over_65_Weeks_Prop_Manual.png saved as PNG format
      name:  <unnamed>
       log:  C:\Users\toby_lowton\Documents\ERF_Research\Outputs/Main/CSA_Incomplete_Pathways_Over_65_Weeks_Prop_Manual.log
  log type:  text
 closed on:   6 Feb 2024, 16:52:50
------------------------------------------------------------------------------------------------------------------------------------
