------------------------------------------------------------------------------------------------------------------------------------
      name:  <unnamed>
       log:  C:\Users\toby_lowton\Documents\ERF_Research\Outputs/Main/CSA_Admitted_Pathways_Under_24_Weeks_Prop.log
  log type:  text
 opened on:   6 Feb 2024, 16:52:28
...............................
Difference-in-difference with Multiple Time Periods

                                                         Number of obs = 4,128
Outcome model  : regression adjustment
Treatment model: none
------------------------------------------------------------------------------
             | Coefficient  Std. err.      z    P>|z|     [95% conf. interval]
-------------+----------------------------------------------------------------
g759         |
   t_735_736 |   .0024495   .0074339     0.33   0.742    -.0121207    .0170197
   t_736_737 |   .0098601   .0101284     0.97   0.330    -.0099911    .0297113
   t_737_738 |  -.0172643   .0089868    -1.92   0.055    -.0348781    .0003494
   t_738_739 |   -.010451   .0148404    -0.70   0.481    -.0395377    .0186356
   t_739_740 |  -.0152967   .0150129    -1.02   0.308    -.0447214    .0141279
   t_740_741 |   .0042416   .0339577     0.12   0.901    -.0623143    .0707976
   t_741_742 |  -.0040322   .0140467    -0.29   0.774    -.0315632    .0234989
   t_742_743 |  -.0035124    .018221    -0.19   0.847    -.0392249    .0322001
   t_743_744 |   .0185155   .0156545     1.18   0.237    -.0121667    .0491978
   t_744_745 |  -.0090793    .014685    -0.62   0.536    -.0378614    .0197028
   t_745_746 |   .0004114   .0078341     0.05   0.958    -.0149431    .0157659
   t_746_747 |  -.0086492   .0203521    -0.42   0.671    -.0485386    .0312402
   t_747_748 |  -.0034764   .0143918    -0.24   0.809    -.0316837     .024731
   t_748_749 |   .0163552   .0195658     0.84   0.403    -.0219932    .0547035
   t_749_750 |  -.0093878    .011271    -0.83   0.405    -.0314786     .012703
   t_750_751 |  -.0002837   .0143426    -0.02   0.984    -.0283946    .0278272
   t_751_752 |   .0051895   .0040401     1.28   0.199     -.002729    .0131079
   t_752_753 |  -.0059613   .0100037    -0.60   0.551    -.0255682    .0136455
   t_753_754 |   .0255625   .0119541     2.14   0.032     .0021329    .0489921
   t_754_755 |  -.0087925   .0122809    -0.72   0.474    -.0328626    .0152777
   t_755_756 |   .0204925   .0072508     2.83   0.005     .0062812    .0347038
   t_756_757 |   .0076268   .0156534     0.49   0.626    -.0230533    .0383069
   t_757_758 |  -.0224264    .014975    -1.50   0.134    -.0517769    .0069241
   t_758_759 |   .0094665   .0136758     0.69   0.489    -.0173376    .0362705
   t_758_760 |    .036635   .0130849     2.80   0.005      .010989     .062281
   t_758_761 |   .0193616    .014739     1.31   0.189    -.0095263    .0482496
   t_758_762 |   .0265336   .0193052     1.37   0.169    -.0113039    .0643712
   t_758_763 |   .0439956   .0142756     3.08   0.002      .016016    .0719752
   t_758_764 |    .045884   .0163734     2.80   0.005     .0137928    .0779752
   t_758_765 |   .0474903   .0180586     2.63   0.009     .0120962    .0828845
   t_758_766 |   .0439507   .0118132     3.72   0.000     .0207973     .067104
------------------------------------------------------------------------------
Control: Never Treated

See Callaway and Sant'Anna (2021) for details
Pretrend Test. H0 Pre-treatment within window are equal to 0
chi2(23) =   230.1086
p-value  =     0.0000
File altnh.dta will be used to save all RIFs
...............................
(file altnh.dta not found)
file altnh.dta saved

Difference-in-difference with Multiple Time Periods

                                                         Number of obs = 4,128
Outcome model  : regression adjustment
Treatment model: none
---------------------------------------------------------------------
            | Coefficient  Std. err.      t      [95% conf. interval]
------------+--------------------------------------------------------
g759        |
   t_735_736|   .0024495   .0076975     0.32    -.0319721    .0368711
   t_736_737|   .0098601   .0117041     0.84    -.0424778     .062198
   t_737_738|  -.0172643   .0090578    -1.91    -.0577689    .0232403
   t_738_739|   -.010451    .012656    -0.83     -.067046    .0461439
   t_739_740|  -.0152967   .0148205    -1.03    -.0815705     .050977
   t_740_741|   .0042416   .0135964     0.31    -.0565584    .0650417
   t_741_742|  -.0040322   .0150109    -0.27    -.0711575    .0630932
   t_742_743|  -.0035124   .0096484    -0.36    -.0466577    .0396329
   t_743_744|   .0185155   .0136041     1.36    -.0423188    .0793499
   t_744_745|  -.0090793   .0144802    -0.63    -.0738315    .0556729
   t_745_746|   .0004114   .0081851     0.05    -.0361905    .0370134
   t_746_747|  -.0086492   .0197529    -0.44    -.0969796    .0796812
   t_747_748|  -.0034764   .0182763    -0.19    -.0852037     .078251
   t_748_749|   .0163552   .0181491     0.90    -.0648035    .0975138
   t_749_750|  -.0093878    .010129    -0.93    -.0546825    .0359069
   t_750_751|  -.0002837   .0097825    -0.03     -.044029    .0434615
   t_751_752|   .0051895   .0039646     1.31    -.0125395    .0229184
   t_752_753|  -.0059613   .0097501    -0.61    -.0495617     .037639
   t_753_754|   .0255625   .0122119     2.09    -.0290464    .0801714
   t_754_755|  -.0087925    .011122    -0.79    -.0585277    .0409428
   t_755_756|   .0204925   .0068899     2.97    -.0103178    .0513028
   t_756_757|   .0076268   .0131401     0.58    -.0511329    .0663865
   t_757_758|  -.0224264   .0172269    -1.30    -.0994614    .0546086
   t_758_759|   .0094665   .0139224     0.68    -.0527911    .0717241
   t_758_760|    .036635   .0125156     2.93     -.019332     .092602
   t_758_761|   .0193616   .0156078     1.24    -.0504331    .0891564
   t_758_762|   .0265336   .0205102     1.29    -.0651834    .1182506
   t_758_763|   .0439956   .0142019     3.10    -.0195121    .1075033
   t_758_764|    .045884   .0177409     2.59    -.0334494    .1252174
   t_758_765|   .0474903   .0177268     2.68    -.0317798    .1267604
   t_758_766|   .0439507   .0114768     3.83    -.0073711    .0952725
---------------------------------------------------------------------
Control: Never Treated

See Callaway and Sant'Anna (2021) for details
Test will be based on asymptotic VCoV
If you want aggregations based on WB, use option saverif() ad csdid_stats
ATT by Periods Before and After treatment
Event Study:Dynamic effects
------------------------------------------------------------------------------
             | Coefficient  Std. err.      z    P>|z|     [95% conf. interval]
-------------+----------------------------------------------------------------
     Pre_avg |  -.0003439   .0007943    -0.43   0.665    -.0019006    .0012129
    Post_avg |   .0341647   .0109459     3.12   0.002     .0127111    .0556183
        Tm23 |   .0024495   .0074339     0.33   0.742    -.0121207    .0170197
        Tm22 |   .0098601   .0101284     0.97   0.330    -.0099911    .0297113
        Tm21 |  -.0172643   .0089868    -1.92   0.055    -.0348781    .0003494
        Tm20 |   -.010451   .0148404    -0.70   0.481    -.0395377    .0186356
        Tm19 |  -.0152967   .0150129    -1.02   0.308    -.0447214    .0141279
        Tm18 |   .0042416   .0339577     0.12   0.901    -.0623143    .0707976
        Tm17 |  -.0040322   .0140467    -0.29   0.774    -.0315632    .0234989
        Tm16 |  -.0035124    .018221    -0.19   0.847    -.0392249    .0322001
        Tm15 |   .0185155   .0156545     1.18   0.237    -.0121667    .0491978
        Tm14 |  -.0090793    .014685    -0.62   0.536    -.0378614    .0197028
        Tm13 |   .0004114   .0078341     0.05   0.958    -.0149431    .0157659
        Tm12 |  -.0086492   .0203521    -0.42   0.671    -.0485386    .0312402
        Tm11 |  -.0034764   .0143918    -0.24   0.809    -.0316837     .024731
        Tm10 |   .0163552   .0195658     0.84   0.403    -.0219932    .0547035
         Tm9 |  -.0093878    .011271    -0.83   0.405    -.0314786     .012703
         Tm8 |  -.0002837   .0143426    -0.02   0.984    -.0283946    .0278272
         Tm7 |   .0051895   .0040401     1.28   0.199     -.002729    .0131079
         Tm6 |  -.0059613   .0100037    -0.60   0.551    -.0255682    .0136455
         Tm5 |   .0255625   .0119541     2.14   0.032     .0021329    .0489921
         Tm4 |  -.0087925   .0122809    -0.72   0.474    -.0328626    .0152777
         Tm3 |   .0204925   .0072508     2.83   0.005     .0062812    .0347038
         Tm2 |   .0076268   .0156534     0.49   0.626    -.0230533    .0383069
         Tm1 |  -.0224264    .014975    -1.50   0.134    -.0517769    .0069241
         Tp0 |   .0094665   .0136758     0.69   0.489    -.0173376    .0362705
         Tp1 |    .036635   .0130849     2.80   0.005      .010989     .062281
         Tp2 |   .0193616    .014739     1.31   0.189    -.0095263    .0482496
         Tp3 |   .0265336   .0193052     1.37   0.169    -.0113039    .0643712
         Tp4 |   .0439956   .0142756     3.08   0.002      .016016    .0719752
         Tp5 |    .045884   .0163734     2.80   0.005     .0137928    .0779752
         Tp6 |   .0474903   .0180586     2.63   0.009     .0120962    .0828845
         Tp7 |   .0439507   .0118132     3.72   0.000     .0207973     .067104
------------------------------------------------------------------------------
(file C:\Users\local_toby_lowton\Temp\ST_3144_000002.tmp not found)
file C:\Users\local_toby_lowton\Temp\ST_3144_000002.tmp saved as .dta format

---------------------------------------------------------------------
            | Coefficient  Std. err.      t      [95% conf. interval]
------------+--------------------------------------------------------
    Pre_avg |  -.0003439   .0008152    -0.42    -.0045564    .0038687
   Post_avg |   .0341647    .011228     3.04    -.0238556    .0921849
       Tm23 |   .0024495   .0073915     0.33    -.0357457    .0406447
       Tm22 |   .0098601   .0105431     0.94    -.0446209    .0643411
       Tm21 |  -.0172643   .0086665    -1.99     -.062048    .0275193
       Tm20 |   -.010451    .011145    -0.94    -.0680425    .0471404
       Tm19 |  -.0152967   .0136557    -1.12    -.0858618    .0552683
       Tm18 |   .0042416   .0115994     0.37    -.0556975    .0641808
       Tm17 |  -.0040322   .0132094    -0.31     -.072291    .0642267
       Tm16 |  -.0035124   .0078766    -0.45    -.0442144    .0371897
       Tm15 |   .0185155   .0121227     1.53     -.044128    .0811591
       Tm14 |  -.0090793   .0144518    -0.63    -.0837584    .0655998
       Tm13 |   .0004114   .0073901     0.06    -.0377766    .0385994
       Tm12 |  -.0086492     .01974    -0.44     -.110655    .0933565
       Tm11 |  -.0034764   .0159949    -0.22    -.0861292    .0791765
       Tm10 |   .0163552   .0168059     0.97    -.0704885    .1031988
        Tm9 |  -.0093878   .0101033    -0.93    -.0615961    .0428205
        Tm8 |  -.0002837   .0076896    -0.04    -.0400196    .0394521
        Tm7 |   .0051895   .0041904     1.24    -.0164644    .0268433
        Tm6 |  -.0059613   .0085205    -0.70    -.0499908    .0380682
        Tm5 |   .0255625   .0117821     2.17    -.0353212    .0864462
        Tm4 |  -.0087925   .0134318    -0.65    -.0782005    .0606155
        Tm3 |   .0204925   .0064896     3.16     -.013042     .054027
        Tm2 |   .0076268   .0129904     0.59    -.0595006    .0747542
        Tm1 |  -.0224264   .0145953    -1.54    -.0978469    .0529941
        Tp0 |   .0094665   .0133443     0.71    -.0594894    .0784224
        Tp1 |    .036635   .0114225     3.21    -.0223903    .0956602
        Tp2 |   .0193616   .0142472     1.36    -.0542601    .0929833
        Tp3 |   .0265336   .0194122     1.37    -.0737782    .1268455
        Tp4 |   .0439956   .0132863     3.31    -.0246607    .1126519
        Tp5 |    .045884   .0162886     2.82    -.0382864    .1300545
        Tp6 |   .0474903   .0162087     2.93    -.0362675    .1312482
        Tp7 |   .0439507   .0106628     4.12    -.0111488    .0990501
---------------------------------------------------------------------
file Outputs/Main/CSA_Admitted_Pathways_Under_24_Weeks_Prop.png saved as PNG format
      name:  <unnamed>
       log:  C:\Users\toby_lowton\Documents\ERF_Research\Outputs/Main/CSA_Admitted_Pathways_Under_24_Weeks_Prop.log
  log type:  text
 closed on:   6 Feb 2024, 16:52:32
------------------------------------------------------------------------------------------------------------------------------------
