------------------------------------------------------------------------------------------------------------------------------------
      name:  <unnamed>
       log:  C:\Users\toby_lowton\Documents\ERF_Research\Outputs/Main/CSA_Incomplete_Pathways_Over_52_Weeks_Prop_Manual.log
  log type:  text
 opened on:   6 Feb 2024, 16:52:43
...............................
Difference-in-difference with Multiple Time Periods

                                                         Number of obs = 4,128
Outcome model  : regression adjustment
Treatment model: none
------------------------------------------------------------------------------
             | Coefficient  Std. err.      z    P>|z|     [95% conf. interval]
-------------+----------------------------------------------------------------
g759         |
   t_735_736 |     .00003   .0017572     0.02   0.986     -.003414     .003474
   t_736_737 |  -.0005201    .001963    -0.26   0.791    -.0043675    .0033273
   t_737_738 |  -.0005594   .0007017    -0.80   0.425    -.0019348     .000816
   t_738_739 |  -.0007163   .0004534    -1.58   0.114     -.001605    .0001724
   t_739_740 |  -.0027794   .0018917    -1.47   0.142     -.006487    .0009282
   t_740_741 |  -.0007118   .0010295    -0.69   0.489    -.0027297     .001306
   t_741_742 |   -.002017   .0005628    -3.58   0.000      -.00312   -.0009141
   t_742_743 |  -.0000143   .0007402    -0.02   0.985    -.0014651    .0014365
   t_743_744 |  -.0001126   .0017934    -0.06   0.950    -.0036276    .0034024
   t_744_745 |   .0019513   .0010362     1.88   0.060    -.0000797    .0039822
   t_745_746 |  -.0015518   .0010107    -1.54   0.125    -.0035326     .000429
   t_746_747 |  -.0006319   .0005854    -1.08   0.280    -.0017793    .0005155
   t_747_748 |  -.0026076   .0004565    -5.71   0.000    -.0035022   -.0017129
   t_748_749 |   -.003496   .0015862    -2.20   0.028     -.006605    -.000387
   t_749_750 |  -.0013763   .0008346    -1.65   0.099    -.0030121    .0002596
   t_750_751 |  -.0031944   .0012698    -2.52   0.012    -.0056831   -.0007056
   t_751_752 |  -.0024145   .0008028    -3.01   0.003    -.0039879   -.0008411
   t_752_753 |  -.0000422   .0006717    -0.06   0.950    -.0013587    .0012744
   t_753_754 |  -.0047486   .0024349    -1.95   0.051     -.009521    .0000237
   t_754_755 |  -.0009539   .0009961    -0.96   0.338    -.0029063    .0009985
   t_755_756 |   .0001144   .0023364     0.05   0.961    -.0044649    .0046937
   t_756_757 |   -.000877   .0021523    -0.41   0.684    -.0050954    .0033414
   t_757_758 |  -.0006265   .0015207    -0.41   0.680    -.0036071     .002354
   t_758_759 |   .0019538    .001032     1.89   0.058    -.0000688    .0039764
   t_758_760 |   .0013564   .0022497     0.60   0.547    -.0030529    .0057657
   t_758_761 |   .0025531   .0031314     0.82   0.415    -.0035844    .0086905
   t_758_762 |   .0028532   .0040933     0.70   0.486    -.0051694    .0108759
   t_758_763 |   .0025685   .0044193     0.58   0.561    -.0060931    .0112301
   t_758_764 |    .003819   .0053546     0.71   0.476    -.0066757    .0143138
   t_758_765 |   .0034559   .0046705     0.74   0.459    -.0056981    .0126099
   t_758_766 |   .0051614   .0043784     1.18   0.238    -.0034202     .013743
------------------------------------------------------------------------------
Control: Never Treated

See Callaway and Sant'Anna (2021) for details
Pretrend Test. H0 Pre-treatment within window are equal to 0
chi2(23) =   254.8204
p-value  =     0.0000
File altnh.dta will be replaced
...............................
file altnh.dta saved

Difference-in-difference with Multiple Time Periods

                                                         Number of obs = 4,128
Outcome model  : regression adjustment
Treatment model: none
---------------------------------------------------------------------
            | Coefficient  Std. err.      t      [95% conf. interval]
------------+--------------------------------------------------------
g759        |
   t_735_736|     .00003   .0018321     0.02     -.004993     .005053
   t_736_737|  -.0005201   .0015373    -0.34     -.004735    .0036948
   t_737_738|  -.0005594   .0007286    -0.77    -.0025569    .0014382
   t_738_739|  -.0007163   .0004701    -1.52     -.002005    .0005725
   t_739_740|  -.0027794   .0017507    -1.59    -.0075794    .0020206
   t_740_741|  -.0007118   .0010281    -0.69    -.0035307     .002107
   t_741_742|   -.002017   .0005941    -3.39     -.003646   -.0003881
   t_742_743|  -.0000143    .000739    -0.02    -.0020403    .0020118
   t_743_744|  -.0001126   .0019864    -0.06    -.0055587    .0053336
   t_744_745|   .0019513    .001003     1.95    -.0007987    .0047013
   t_745_746|  -.0015518   .0010132    -1.53    -.0043297    .0012261
   t_746_747|  -.0006319   .0005614    -1.13    -.0021712    .0009074
   t_747_748|  -.0026076   .0004741    -5.50    -.0039075   -.0013076
   t_748_749|   -.003496   .0018976    -1.84    -.0086987    .0017067
   t_749_750|  -.0013763   .0008789    -1.57    -.0037861    .0010336
   t_750_751|  -.0031944   .0011785    -2.71    -.0064255    .0000368
   t_751_752|  -.0024145   .0007612    -3.17    -.0045016   -.0003274
   t_752_753|  -.0000422    .000668    -0.06    -.0018737    .0017893
   t_753_754|  -.0047486   .0031262    -1.52    -.0133197    .0038225
   t_754_755|  -.0009539   .0010128    -0.94    -.0037308     .001823
   t_755_756|   .0001144   .0028302     0.04    -.0076451    .0078739
   t_756_757|   -.000877   .0026374    -0.33    -.0081081     .006354
   t_757_758|  -.0006265    .001763    -0.36    -.0054601     .004207
   t_758_759|   .0019538   .0010956     1.78    -.0010501    .0049576
   t_758_760|   .0013564   .0024701     0.55    -.0054159    .0081287
   t_758_761|   .0025531   .0033824     0.75    -.0067204    .0118265
   t_758_762|   .0028532    .004352     0.66    -.0090786     .014785
   t_758_763|   .0025685   .0047051     0.55    -.0103316    .0154686
   t_758_764|    .003819   .0055164     0.69    -.0113055    .0189435
   t_758_765|   .0034559   .0049217     0.70    -.0100381    .0169498
   t_758_766|   .0051614   .0046567     1.11    -.0076061    .0179288
---------------------------------------------------------------------
Control: Never Treated

See Callaway and Sant'Anna (2021) for details
Test will be based on asymptotic VCoV
If you want aggregations based on WB, use option saverif() ad csdid_stats
ATT by Periods Before and After treatment
Event Study:Dynamic effects
------------------------------------------------------------------------------
             | Coefficient  Std. err.      z    P>|z|     [95% conf. interval]
-------------+----------------------------------------------------------------
     Pre_avg |  -.0012111   .0005456    -2.22   0.026    -.0022804   -.0001418
    Post_avg |   .0029652   .0036106     0.82   0.412    -.0041115    .0100418
        Tm23 |     .00003   .0017572     0.02   0.986     -.003414     .003474
        Tm22 |  -.0005201    .001963    -0.26   0.791    -.0043675    .0033273
        Tm21 |  -.0005594   .0007017    -0.80   0.425    -.0019348     .000816
        Tm20 |  -.0007163   .0004534    -1.58   0.114     -.001605    .0001724
        Tm19 |  -.0027794   .0018917    -1.47   0.142     -.006487    .0009282
        Tm18 |  -.0007118   .0010295    -0.69   0.489    -.0027297     .001306
        Tm17 |   -.002017   .0005628    -3.58   0.000      -.00312   -.0009141
        Tm16 |  -.0000143   .0007402    -0.02   0.985    -.0014651    .0014365
        Tm15 |  -.0001126   .0017934    -0.06   0.950    -.0036276    .0034024
        Tm14 |   .0019513   .0010362     1.88   0.060    -.0000797    .0039822
        Tm13 |  -.0015518   .0010107    -1.54   0.125    -.0035326     .000429
        Tm12 |  -.0006319   .0005854    -1.08   0.280    -.0017793    .0005155
        Tm11 |  -.0026076   .0004565    -5.71   0.000    -.0035022   -.0017129
        Tm10 |   -.003496   .0015862    -2.20   0.028     -.006605    -.000387
         Tm9 |  -.0013763   .0008346    -1.65   0.099    -.0030121    .0002596
         Tm8 |  -.0031944   .0012698    -2.52   0.012    -.0056831   -.0007056
         Tm7 |  -.0024145   .0008028    -3.01   0.003    -.0039879   -.0008411
         Tm6 |  -.0000422   .0006717    -0.06   0.950    -.0013587    .0012744
         Tm5 |  -.0047486   .0024349    -1.95   0.051     -.009521    .0000237
         Tm4 |  -.0009539   .0009961    -0.96   0.338    -.0029063    .0009985
         Tm3 |   .0001144   .0023364     0.05   0.961    -.0044649    .0046937
         Tm2 |   -.000877   .0021523    -0.41   0.684    -.0050954    .0033414
         Tm1 |  -.0006265   .0015207    -0.41   0.680    -.0036071     .002354
         Tp0 |   .0019538    .001032     1.89   0.058    -.0000688    .0039764
         Tp1 |   .0013564   .0022497     0.60   0.547    -.0030529    .0057657
         Tp2 |   .0025531   .0031314     0.82   0.415    -.0035844    .0086905
         Tp3 |   .0028532   .0040933     0.70   0.486    -.0051694    .0108759
         Tp4 |   .0025685   .0044193     0.58   0.561    -.0060931    .0112301
         Tp5 |    .003819   .0053546     0.71   0.476    -.0066757    .0143138
         Tp6 |   .0034559   .0046705     0.74   0.459    -.0056981    .0126099
         Tp7 |   .0051614   .0043784     1.18   0.238    -.0034202     .013743
------------------------------------------------------------------------------
(file C:\Users\local_toby_lowton\Temp\ST_3144_000007.tmp not found)
file C:\Users\local_toby_lowton\Temp\ST_3144_000007.tmp saved as .dta format

---------------------------------------------------------------------
            | Coefficient  Std. err.      t      [95% conf. interval]
------------+--------------------------------------------------------
    Pre_avg |  -.0012111   .0005202    -2.33    -.0027746    .0003523
   Post_avg |   .0029652    .003645     0.81     -.007989    .0139193
       Tm23 |     .00003   .0018382     0.02    -.0054943    .0055543
       Tm22 |  -.0005201   .0012203    -0.43    -.0041873    .0031471
       Tm21 |  -.0005594    .000733    -0.76    -.0027623    .0016435
       Tm20 |  -.0007163   .0004419    -1.62    -.0020443    .0006118
       Tm19 |  -.0027794   .0022058    -1.26    -.0094084    .0038496
       Tm18 |  -.0007118   .0010199    -0.70    -.0037769    .0023533
       Tm17 |   -.002017   .0005813    -3.47     -.003764   -.0002701
       Tm16 |  -.0000143   .0007159    -0.02    -.0021657    .0021372
       Tm15 |  -.0001126   .0016933    -0.07    -.0052015    .0049763
       Tm14 |   .0019513    .001009     1.93    -.0010809    .0049834
       Tm13 |  -.0015518   .0009974    -1.56    -.0045492    .0014456
       Tm12 |  -.0006319   .0005465    -1.16    -.0022744    .0010105
       Tm11 |  -.0026076   .0004599    -5.67    -.0039898   -.0012253
       Tm10 |   -.003496   .0016396    -2.13    -.0084234    .0014314
        Tm9 |  -.0013763   .0008157    -1.69    -.0038276     .001075
        Tm8 |  -.0031944   .0011309    -2.82     -.006593    .0002043
        Tm7 |  -.0024145   .0007601    -3.18    -.0046986   -.0001303
        Tm6 |  -.0000422   .0006139    -0.07     -.001887    .0018027
        Tm5 |  -.0047486   .0028137    -1.69    -.0132045    .0037073
        Tm4 |  -.0009539   .0009452    -1.01    -.0037944    .0018867
        Tm3 |   .0001144   .0026188     0.04    -.0077558    .0079846
        Tm2 |   -.000877   .0023631    -0.37    -.0079789    .0062249
        Tm1 |  -.0006265   .0016432    -0.38    -.0055649    .0043118
        Tp0 |   .0019538   .0010203     1.91    -.0011124    .0050199
        Tp1 |   .0013564   .0021777     0.62    -.0051882     .007901
        Tp2 |   .0025531    .002936     0.87    -.0062705    .0113766
        Tp3 |   .0028532   .0039673     0.72    -.0090696     .014776
        Tp4 |   .0025685   .0044582     0.58    -.0108297    .0159666
        Tp5 |    .003819   .0053943     0.71    -.0123922    .0200302
        Tp6 |   .0034559   .0044992     0.77    -.0100653    .0169771
        Tp7 |   .0051614   .0042597     1.21      -.00764    .0179628
---------------------------------------------------------------------
file Outputs/Main/CSA_Incomplete_Pathways_Over_52_Weeks_Prop_Manual.png saved as PNG format
      name:  <unnamed>
       log:  C:\Users\toby_lowton\Documents\ERF_Research\Outputs/Main/CSA_Incomplete_Pathways_Over_52_Weeks_Prop_Manual.log
  log type:  text
 closed on:   6 Feb 2024, 16:52:46
------------------------------------------------------------------------------------------------------------------------------------
