------------------------------------------------------------------------------------------------------------------------------------
      name:  <unnamed>
       log:  C:\Users\toby_lowton\Documents\ERF_Research\Outputs/Main/CSA_Admitted_Pathways_Over_52_Weeks_Prop.log
  log type:  text
 opened on:   6 Feb 2024, 16:52:32
...............................
Difference-in-difference with Multiple Time Periods

                                                         Number of obs = 4,128
Outcome model  : regression adjustment
Treatment model: none
------------------------------------------------------------------------------
             | Coefficient  Std. err.      z    P>|z|     [95% conf. interval]
-------------+----------------------------------------------------------------
g759         |
   t_735_736 |    .016568    .010004     1.66   0.098    -.0030394    .0361755
   t_736_737 |  -.0037752   .0106593    -0.35   0.723     -.024667    .0171167
   t_737_738 |   .0088975   .0087414     1.02   0.309    -.0082354    .0260304
   t_738_739 |  -.0092213   .0062129    -1.48   0.138    -.0213984    .0029558
   t_739_740 |   .0179549   .0111887     1.60   0.109    -.0039745    .0398843
   t_740_741 |  -.0035942   .0205123    -0.18   0.861    -.0437977    .0366092
   t_741_742 |   .0066086   .0094947     0.70   0.486    -.0120008    .0252179
   t_742_743 |  -.0079491   .0134374    -0.59   0.554     -.034286    .0183878
   t_743_744 |  -.0154292   .0069581    -2.22   0.027    -.0290667   -.0017916
   t_744_745 |   .0080586   .0076569     1.05   0.293    -.0069486    .0230658
   t_745_746 |   .0108542    .013028     0.83   0.405    -.0146802    .0363886
   t_746_747 |   .0003384   .0041726     0.08   0.935    -.0078398    .0085166
   t_747_748 |  -.0000917   .0049783    -0.02   0.985     -.009849    .0096656
   t_748_749 |   .0015612   .0081484     0.19   0.848    -.0144095    .0175318
   t_749_750 |  -.0078899    .012005    -0.66   0.511    -.0314193    .0156395
   t_750_751 |   .0051358   .0110872     0.46   0.643    -.0165947    .0268662
   t_751_752 |  -.0091922   .0033795    -2.72   0.007     -.015816   -.0025684
   t_752_753 |  -.0018365   .0035039    -0.52   0.600     -.008704    .0050309
   t_753_754 |  -.0185495   .0131584    -1.41   0.159    -.0443395    .0072406
   t_754_755 |    .002176   .0049829     0.44   0.662    -.0075904    .0119423
   t_755_756 |  -.0080938   .0037831    -2.14   0.032    -.0155084   -.0006791
   t_756_757 |  -.0077914   .0039198    -1.99   0.047    -.0154741   -.0001086
   t_757_758 |   .0046121   .0107639     0.43   0.668    -.0164848     .025709
   t_758_759 |   -.014794   .0123186    -1.20   0.230     -.038938      .00935
   t_758_760 |  -.0143565   .0107972    -1.33   0.184    -.0355186    .0068055
   t_758_761 |  -.0207482   .0138057    -1.50   0.133    -.0478069    .0063105
   t_758_762 |  -.0183654   .0104259    -1.76   0.078    -.0387997     .002069
   t_758_763 |  -.0185991   .0130566    -1.42   0.154    -.0441896    .0069913
   t_758_764 |   -.020121   .0114421    -1.76   0.079    -.0425471    .0023051
   t_758_765 |  -.0271174   .0124757    -2.17   0.030    -.0515694   -.0026654
   t_758_766 |  -.0300124   .0133431    -2.25   0.024    -.0561643   -.0038604
------------------------------------------------------------------------------
Control: Never Treated

See Callaway and Sant'Anna (2021) for details
Pretrend Test. H0 Pre-treatment within window are equal to 0
chi2(23) =   150.8995
p-value  =     0.0000
File altnh.dta will be replaced
...............................
file altnh.dta saved

Difference-in-difference with Multiple Time Periods

                                                         Number of obs = 4,128
Outcome model  : regression adjustment
Treatment model: none
---------------------------------------------------------------------
            | Coefficient  Std. err.      t      [95% conf. interval]
------------+--------------------------------------------------------
g759        |
   t_735_736|    .016568   .0094856     1.75    -.0310146    .0641507
   t_736_737|  -.0037752   .0107755    -0.35    -.0578282    .0502778
   t_737_738|   .0088975   .0079415     1.12    -.0309396    .0487346
   t_738_739|  -.0092213   .0056002    -1.65    -.0373138    .0188711
   t_739_740|   .0179549   .0116073     1.55    -.0402711    .0761809
   t_740_741|  -.0035942   .0072166    -0.50    -.0397948    .0326063
   t_741_742|   .0066086   .0074322     0.89    -.0306735    .0438906
   t_742_743|  -.0079491   .0132796    -0.60    -.0745638    .0586655
   t_743_744|  -.0154292   .0068237    -2.26    -.0496587    .0188004
   t_744_745|   .0080586   .0078523     1.03    -.0313308     .047448
   t_745_746|   .0108542    .012539     0.87     -.052045    .0737535
   t_746_747|   .0003384   .0044227     0.08    -.0218474    .0225241
   t_747_748|  -.0000917   .0051415    -0.02     -.025883    .0256996
   t_748_749|   .0015612   .0082567     0.19    -.0398569    .0429793
   t_749_750|  -.0078899   .0116153    -0.68    -.0661557    .0503759
   t_750_751|   .0051358   .0113564     0.45    -.0518313    .0621028
   t_751_752|  -.0091922   .0034688    -2.65    -.0265927    .0082083
   t_752_753|  -.0018365   .0034878    -0.53    -.0193322    .0156591
   t_753_754|  -.0185495   .0114155    -1.62     -.075813    .0387141
   t_754_755|    .002176   .0049664     0.44    -.0227371     .027089
   t_755_756|  -.0080938    .003958    -2.04    -.0279484    .0117609
   t_756_757|  -.0077914   .0038921    -2.00    -.0273153    .0117326
   t_757_758|   .0046121   .0103279     0.45    -.0471956    .0564198
   t_758_759|   -.014794   .0111889    -1.32     -.070921    .0413329
   t_758_760|  -.0143565   .0111297    -1.29    -.0701864    .0414733
   t_758_761|  -.0207482   .0139422    -1.49    -.0906866    .0491902
   t_758_762|  -.0183654   .0109219    -1.68    -.0731528    .0364221
   t_758_763|  -.0185991    .013612    -1.37    -.0868813     .049683
   t_758_764|   -.020121   .0111899    -1.80    -.0762531    .0360112
   t_758_765|  -.0271174   .0121612    -2.23    -.0881218    .0338869
   t_758_766|  -.0300124   .0122496    -2.45    -.0914601    .0314353
---------------------------------------------------------------------
Control: Never Treated

See Callaway and Sant'Anna (2021) for details
Test will be based on asymptotic VCoV
If you want aggregations based on WB, use option saverif() ad csdid_stats
ATT by Periods Before and After treatment
Event Study:Dynamic effects
------------------------------------------------------------------------------
             | Coefficient  Std. err.      z    P>|z|     [95% conf. interval]
-------------+----------------------------------------------------------------
     Pre_avg |   -.000463   .0007691    -0.60   0.547    -.0019704    .0010444
    Post_avg |  -.0205143   .0106107    -1.93   0.053    -.0413109    .0002824
        Tm23 |    .016568    .010004     1.66   0.098    -.0030394    .0361755
        Tm22 |  -.0037752   .0106593    -0.35   0.723     -.024667    .0171167
        Tm21 |   .0088975   .0087414     1.02   0.309    -.0082354    .0260304
        Tm20 |  -.0092213   .0062129    -1.48   0.138    -.0213984    .0029558
        Tm19 |   .0179549   .0111887     1.60   0.109    -.0039745    .0398843
        Tm18 |  -.0035942   .0205123    -0.18   0.861    -.0437977    .0366092
        Tm17 |   .0066086   .0094947     0.70   0.486    -.0120008    .0252179
        Tm16 |  -.0079491   .0134374    -0.59   0.554     -.034286    .0183878
        Tm15 |  -.0154292   .0069581    -2.22   0.027    -.0290667   -.0017916
        Tm14 |   .0080586   .0076569     1.05   0.293    -.0069486    .0230658
        Tm13 |   .0108542    .013028     0.83   0.405    -.0146802    .0363886
        Tm12 |   .0003384   .0041726     0.08   0.935    -.0078398    .0085166
        Tm11 |  -.0000917   .0049783    -0.02   0.985     -.009849    .0096656
        Tm10 |   .0015612   .0081484     0.19   0.848    -.0144095    .0175318
         Tm9 |  -.0078899    .012005    -0.66   0.511    -.0314193    .0156395
         Tm8 |   .0051358   .0110872     0.46   0.643    -.0165947    .0268662
         Tm7 |  -.0091922   .0033795    -2.72   0.007     -.015816   -.0025684
         Tm6 |  -.0018365   .0035039    -0.52   0.600     -.008704    .0050309
         Tm5 |  -.0185495   .0131584    -1.41   0.159    -.0443395    .0072406
         Tm4 |    .002176   .0049829     0.44   0.662    -.0075904    .0119423
         Tm3 |  -.0080938   .0037831    -2.14   0.032    -.0155084   -.0006791
         Tm2 |  -.0077914   .0039198    -1.99   0.047    -.0154741   -.0001086
         Tm1 |   .0046121   .0107639     0.43   0.668    -.0164848     .025709
         Tp0 |   -.014794   .0123186    -1.20   0.230     -.038938      .00935
         Tp1 |  -.0143565   .0107972    -1.33   0.184    -.0355186    .0068055
         Tp2 |  -.0207482   .0138057    -1.50   0.133    -.0478069    .0063105
         Tp3 |  -.0183654   .0104259    -1.76   0.078    -.0387997     .002069
         Tp4 |  -.0185991   .0130566    -1.42   0.154    -.0441896    .0069913
         Tp5 |   -.020121   .0114421    -1.76   0.079    -.0425471    .0023051
         Tp6 |  -.0271174   .0124757    -2.17   0.030    -.0515694   -.0026654
         Tp7 |  -.0300124   .0133431    -2.25   0.024    -.0561643   -.0038604
------------------------------------------------------------------------------
(file C:\Users\local_toby_lowton\Temp\ST_3144_000003.tmp not found)
file C:\Users\local_toby_lowton\Temp\ST_3144_000003.tmp saved as .dta format

---------------------------------------------------------------------
            | Coefficient  Std. err.      t      [95% conf. interval]
------------+--------------------------------------------------------
    Pre_avg |   -.000463   .0007413    -0.62    -.0043381    .0034122
   Post_avg |  -.0205143   .0101458    -2.02     -.073554    .0325255
       Tm23 |    .016568   .0093031     1.78    -.0320661    .0652022
       Tm22 |  -.0037752   .0101831    -0.37    -.0570099    .0494596
       Tm21 |   .0088975   .0074742     1.19    -.0301757    .0479707
       Tm20 |  -.0092213   .0057667    -1.60    -.0393681    .0209254
       Tm19 |   .0179549   .0103987     1.73    -.0364068    .0723166
       Tm18 |  -.0035942   .0068681    -0.52    -.0394988    .0323103
       Tm17 |   .0066086   .0072918     0.91    -.0315112    .0447283
       Tm16 |  -.0079491   .0122157    -0.65    -.0718098    .0559115
       Tm15 |  -.0154292   .0065485    -2.36    -.0496632    .0188049
       Tm14 |   .0080586   .0076313     1.06     -.031836    .0479532
       Tm13 |   .0108542   .0124471     0.87    -.0542159    .0759243
       Tm12 |   .0003384   .0039189     0.09    -.0201487    .0208254
       Tm11 |  -.0000917     .00503    -0.02    -.0263872    .0262038
       Tm10 |   .0015612    .007692     0.20    -.0386505    .0417729
        Tm9 |  -.0078899    .009577    -0.82     -.057956    .0421762
        Tm8 |   .0051358   .0106738     0.48    -.0506642    .0609357
        Tm7 |  -.0091922   .0033361    -2.76    -.0266323    .0082479
        Tm6 |  -.0018365   .0033963    -0.54    -.0195913    .0159183
        Tm5 |  -.0185495   .0115873    -1.60    -.0791251    .0420262
        Tm4 |    .002176   .0054481     0.40    -.0263053    .0306573
        Tm3 |  -.0080938   .0038257    -2.12    -.0280933    .0119058
        Tm2 |  -.0077914   .0037502    -2.08    -.0273964    .0118136
        Tm1 |   .0046121   .0081986     0.56    -.0382482    .0474724
        Tp0 |   -.014794   .0123623    -1.20    -.0794209    .0498329
        Tp1 |  -.0143565   .0105854    -1.36     -.069694     .040981
        Tp2 |  -.0207482   .0135381    -1.53    -.0915221    .0500257
        Tp3 |  -.0183654   .0101106    -1.82    -.0712211    .0344903
        Tp4 |  -.0185991   .0127762    -1.46    -.0853898    .0481916
        Tp5 |   -.020121   .0110171    -1.83    -.0777152    .0374733
        Tp6 |  -.0271174   .0113518    -2.39    -.0864617    .0322268
        Tp7 |  -.0300124    .011082    -2.71    -.0879463    .0279215
---------------------------------------------------------------------
file Outputs/Main/CSA_Admitted_Pathways_Over_52_Weeks_Prop.png saved as PNG format
      name:  <unnamed>
       log:  C:\Users\toby_lowton\Documents\ERF_Research\Outputs/Main/CSA_Admitted_Pathways_Over_52_Weeks_Prop.log
  log type:  text
 closed on:   6 Feb 2024, 16:52:35
------------------------------------------------------------------------------------------------------------------------------------
