------------------------------------------------------------------------------------------------------------------------------------
      name:  <unnamed>
       log:  C:\Users\toby_lowton\Documents\ERF_Research\Outputs/Main/CSA_Incomplete_Pathways_Under_24_Weeks_Prop_Manual.log
  log type:  text
 opened on:   6 Feb 2024, 16:52:39
...............................
Difference-in-difference with Multiple Time Periods

                                                         Number of obs = 4,128
Outcome model  : regression adjustment
Treatment model: none
------------------------------------------------------------------------------
             | Coefficient  Std. err.      z    P>|z|     [95% conf. interval]
-------------+----------------------------------------------------------------
g759         |
   t_735_736 |  -.0035046   .0050143    -0.70   0.485    -.0133324    .0063232
   t_736_737 |  -.0056088   .0051333    -1.09   0.275    -.0156699    .0044523
   t_737_738 |  -.0035415   .0033935    -1.04   0.297    -.0101925    .0031096
   t_738_739 |  -.0056172   .0049638    -1.13   0.258    -.0153461    .0041117
   t_739_740 |  -.0017757   .0050099    -0.35   0.723    -.0115949    .0080436
   t_740_741 |   .0017439    .003569     0.49   0.625    -.0052511     .008739
   t_741_742 |    .008368   .0039751     2.11   0.035      .000577    .0161591
   t_742_743 |   .0064618   .0024513     2.64   0.008     .0016574    .0112662
   t_743_744 |   .0061963   .0051105     1.21   0.225    -.0038201    .0162127
   t_744_745 |   .0059645   .0069006     0.86   0.387    -.0075605    .0194895
   t_745_746 |  -.0066974   .0012699    -5.27   0.000    -.0091865   -.0042084
   t_746_747 |   .0006452   .0030623     0.21   0.833    -.0053569    .0066473
   t_747_748 |   .0006748   .0023618     0.29   0.775    -.0039543    .0053039
   t_748_749 |   .0014967   .0048316     0.31   0.757    -.0079731    .0109665
   t_749_750 |   .0005334   .0025345     0.21   0.833    -.0044341     .005501
   t_750_751 |   .0098229   .0044396     2.21   0.027     .0011215    .0185242
   t_751_752 |   .0031054   .0022035     1.41   0.159    -.0012134    .0074242
   t_752_753 |   .0011751   .0031586     0.37   0.710    -.0050156    .0073658
   t_753_754 |   .0069865   .0043898     1.59   0.111    -.0016174    .0155904
   t_754_755 |  -.0006983   .0027722    -0.25   0.801    -.0061317    .0047352
   t_755_756 |   .0035844   .0051703     0.69   0.488    -.0065492    .0137181
   t_756_757 |  -.0028687   .0051837    -0.55   0.580    -.0130284    .0072911
   t_757_758 |   .0040392   .0045843     0.88   0.378    -.0049459    .0130243
   t_758_759 |  -.0003121   .0023041    -0.14   0.892    -.0048281    .0042038
   t_758_760 |   .0001703   .0060325     0.03   0.977    -.0116533    .0119938
   t_758_761 |   -.001522   .0066681    -0.23   0.819    -.0145913    .0115473
   t_758_762 |  -.0031704   .0072075    -0.44   0.660    -.0172968     .010956
   t_758_763 |  -.0019097   .0070982    -0.27   0.788    -.0158218    .0120024
   t_758_764 |  -.0004692   .0072489    -0.06   0.948    -.0146768    .0137383
   t_758_765 |   .0022477   .0085482     0.26   0.793    -.0145064    .0190018
   t_758_766 |   -.005428   .0084564    -0.64   0.521    -.0220021    .0111462
------------------------------------------------------------------------------
Control: Never Treated

See Callaway and Sant'Anna (2021) for details
Pretrend Test. H0 Pre-treatment within window are equal to 0
chi2(23) =   450.9196
p-value  =     0.0000
File altnh.dta will be used to save all RIFs
...............................
(file altnh.dta not found)
file altnh.dta saved

Difference-in-difference with Multiple Time Periods

                                                         Number of obs = 4,128
Outcome model  : regression adjustment
Treatment model: none
---------------------------------------------------------------------
            | Coefficient  Std. err.      t      [95% conf. interval]
------------+--------------------------------------------------------
g759        |
   t_735_736|  -.0035046   .0050848    -0.69    -.0197606    .0127513
   t_736_737|  -.0056088   .0030589    -1.83    -.0153881    .0041705
   t_737_738|  -.0035415   .0035233    -1.01    -.0148053    .0077224
   t_738_739|  -.0056172   .0047849    -1.17    -.0209147    .0096802
   t_739_740|  -.0017757    .005021    -0.35    -.0178277    .0142764
   t_740_741|   .0017439   .0030983     0.56    -.0081612    .0116491
   t_741_742|    .008368     .00371     2.26    -.0034929     .020229
   t_742_743|   .0064618   .0024867     2.60    -.0014882    .0144118
   t_743_744|   .0061963   .0057624     1.08    -.0122261    .0246187
   t_744_745|   .0059645   .0068552     0.87    -.0159516    .0278805
   t_745_746|  -.0066974   .0013598    -4.93    -.0110447   -.0023502
   t_746_747|   .0006452   .0030614     0.21     -.009142    .0104325
   t_747_748|   .0006748   .0024564     0.27    -.0071783    .0085279
   t_748_749|   .0014967   .0056659     0.26    -.0166173    .0196107
   t_749_750|   .0005334   .0027268     0.20    -.0081841    .0092509
   t_750_751|   .0098229   .0046341     2.12    -.0049924    .0246381
   t_751_752|   .0031054   .0021586     1.44    -.0037955    .0100063
   t_752_753|   .0011751   .0035732     0.33    -.0102485    .0125987
   t_753_754|   .0069865   .0044319     1.58    -.0071824    .0211554
   t_754_755|  -.0006983   .0029774    -0.23    -.0102172    .0088206
   t_755_756|   .0035844   .0057378     0.62    -.0147592    .0219281
   t_756_757|  -.0028687   .0031022    -0.92    -.0127863     .007049
   t_757_758|   .0040392   .0057204     0.71    -.0142489    .0223273
   t_758_759|  -.0003121   .0023971    -0.13    -.0079758    .0073515
   t_758_760|   .0001703   .0064909     0.03    -.0205811    .0209216
   t_758_761|   -.001522   .0075675    -0.20    -.0257153    .0226713
   t_758_762|  -.0031704   .0076888    -0.41    -.0277516    .0214107
   t_758_763|  -.0019097   .0073119    -0.26    -.0252857    .0214663
   t_758_764|  -.0004692   .0077287    -0.06     -.025178    .0242395
   t_758_765|   .0022477   .0094417     0.24    -.0279374    .0324329
   t_758_766|   -.005428   .0087038    -0.62    -.0332541    .0223982
---------------------------------------------------------------------
Control: Never Treated

See Callaway and Sant'Anna (2021) for details
Test will be based on asymptotic VCoV
If you want aggregations based on WB, use option saverif() ad csdid_stats
ATT by Periods Before and After treatment
Event Study:Dynamic effects
------------------------------------------------------------------------------
             | Coefficient  Std. err.      z    P>|z|     [95% conf. interval]
-------------+----------------------------------------------------------------
     Pre_avg |   .0013255   .0013759     0.96   0.335    -.0013713    .0040222
    Post_avg |  -.0012992   .0062698    -0.21   0.836    -.0135878    .0109894
        Tm23 |  -.0035046   .0050143    -0.70   0.485    -.0133324    .0063232
        Tm22 |  -.0056088   .0051333    -1.09   0.275    -.0156699    .0044523
        Tm21 |  -.0035415   .0033935    -1.04   0.297    -.0101925    .0031096
        Tm20 |  -.0056172   .0049638    -1.13   0.258    -.0153461    .0041117
        Tm19 |  -.0017757   .0050099    -0.35   0.723    -.0115949    .0080436
        Tm18 |   .0017439    .003569     0.49   0.625    -.0052511     .008739
        Tm17 |    .008368   .0039751     2.11   0.035      .000577    .0161591
        Tm16 |   .0064618   .0024513     2.64   0.008     .0016574    .0112662
        Tm15 |   .0061963   .0051105     1.21   0.225    -.0038201    .0162127
        Tm14 |   .0059645   .0069006     0.86   0.387    -.0075605    .0194895
        Tm13 |  -.0066974   .0012699    -5.27   0.000    -.0091865   -.0042084
        Tm12 |   .0006452   .0030623     0.21   0.833    -.0053569    .0066473
        Tm11 |   .0006748   .0023618     0.29   0.775    -.0039543    .0053039
        Tm10 |   .0014967   .0048316     0.31   0.757    -.0079731    .0109665
         Tm9 |   .0005334   .0025345     0.21   0.833    -.0044341     .005501
         Tm8 |   .0098229   .0044396     2.21   0.027     .0011215    .0185242
         Tm7 |   .0031054   .0022035     1.41   0.159    -.0012134    .0074242
         Tm6 |   .0011751   .0031586     0.37   0.710    -.0050156    .0073658
         Tm5 |   .0069865   .0043898     1.59   0.111    -.0016174    .0155904
         Tm4 |  -.0006983   .0027722    -0.25   0.801    -.0061317    .0047352
         Tm3 |   .0035844   .0051703     0.69   0.488    -.0065492    .0137181
         Tm2 |  -.0028687   .0051837    -0.55   0.580    -.0130284    .0072911
         Tm1 |   .0040392   .0045843     0.88   0.378    -.0049459    .0130243
         Tp0 |  -.0003121   .0023041    -0.14   0.892    -.0048281    .0042038
         Tp1 |   .0001703   .0060325     0.03   0.977    -.0116533    .0119938
         Tp2 |   -.001522   .0066681    -0.23   0.819    -.0145913    .0115473
         Tp3 |  -.0031704   .0072075    -0.44   0.660    -.0172968     .010956
         Tp4 |  -.0019097   .0070982    -0.27   0.788    -.0158218    .0120024
         Tp5 |  -.0004692   .0072489    -0.06   0.948    -.0146768    .0137383
         Tp6 |   .0022477   .0085482     0.26   0.793    -.0145064    .0190018
         Tp7 |   -.005428   .0084564    -0.64   0.521    -.0220021    .0111462
------------------------------------------------------------------------------
(file C:\Users\local_toby_lowton\Temp\ST_3144_000006.tmp not found)
file C:\Users\local_toby_lowton\Temp\ST_3144_000006.tmp saved as .dta format

---------------------------------------------------------------------
            | Coefficient  Std. err.      t      [95% conf. interval]
------------+--------------------------------------------------------
    Pre_avg |   .0013255   .0012592     1.05    -.0034775    .0061285
   Post_avg |  -.0012992   .0060828    -0.21    -.0245016    .0219032
       Tm23 |  -.0035046   .0041818    -0.84    -.0194559    .0124466
       Tm22 |  -.0056088   .0025001    -2.24    -.0151452    .0039275
       Tm21 |  -.0035415   .0031735    -1.12    -.0156465    .0085635
       Tm20 |  -.0056172   .0045824    -1.23    -.0230963    .0118618
       Tm19 |  -.0017757   .0046042    -0.39    -.0193381    .0157868
       Tm18 |   .0017439   .0030223     0.58    -.0097843    .0132722
       Tm17 |    .008368    .003429     2.44    -.0047118    .0214478
       Tm16 |   .0064618   .0023577     2.74    -.0025313     .015455
       Tm15 |   .0061963   .0050046     1.24    -.0128932    .0252857
       Tm14 |   .0059645   .0062957     0.95    -.0180498    .0299788
       Tm13 |  -.0066974   .0013603    -4.92    -.0118862   -.0015086
       Tm12 |   .0006452   .0028508     0.23    -.0102289    .0115194
       Tm11 |   .0006748   .0022948     0.29    -.0080785    .0094281
       Tm10 |   .0014967   .0045879     0.33    -.0160034    .0189968
        Tm9 |   .0005334   .0025954     0.21    -.0093666    .0104335
        Tm8 |   .0098229   .0042198     2.33     -.006273    .0259188
        Tm7 |   .0031054    .002144     1.45    -.0050728    .0112835
        Tm6 |   .0011751   .0033492     0.35       -.0116    .0139501
        Tm5 |   .0069865   .0037515     1.86    -.0073233    .0212963
        Tm4 |  -.0006983   .0026707    -0.26    -.0108854    .0094889
        Tm3 |   .0035844    .005292     0.68    -.0166013    .0237702
        Tm2 |  -.0028687   .0026608    -1.08    -.0130181    .0072808
        Tm1 |   .0040392   .0042737     0.95    -.0122625    .0203409
        Tp0 |  -.0003121    .002218    -0.14    -.0087723    .0081481
        Tp1 |   .0001703   .0056667     0.03    -.0214448    .0217853
        Tp2 |   -.001522   .0063914    -0.24    -.0259016    .0228575
        Tp3 |  -.0031704   .0069437    -0.46    -.0296565    .0233156
        Tp4 |  -.0019097   .0066168    -0.29    -.0271488    .0233294
        Tp5 |  -.0004692   .0070264    -0.07    -.0272708    .0263324
        Tp6 |   .0022477   .0081825     0.27    -.0289636    .0334591
        Tp7 |   -.005428    .007923    -0.69    -.0356496    .0247937
---------------------------------------------------------------------
file Outputs/Main/CSA_Incomplete_Pathways_Under_24_Weeks_Prop_Manual.png saved as PNG format
      name:  <unnamed>
       log:  C:\Users\toby_lowton\Documents\ERF_Research\Outputs/Main/CSA_Incomplete_Pathways_Under_24_Weeks_Prop_Manual.log
  log type:  text
 closed on:   6 Feb 2024, 16:52:43
------------------------------------------------------------------------------------------------------------------------------------
