------------------------------------------------------------------------------------------------------------------------------------
      name:  <unnamed>
       log:  C:\Users\toby_lowton\Documents\ERF_Research\Outputs/Main/CSA_Non-Admitted_Pathways_Under_24_Weeks_Prop.log
  log type:  text
 opened on:   6 Feb 2024, 16:51:07
...............................
Difference-in-difference with Multiple Time Periods

                                                         Number of obs = 4,128
Outcome model  : regression adjustment
Treatment model: none
------------------------------------------------------------------------------
             | Coefficient  Std. err.      z    P>|z|     [95% conf. interval]
-------------+----------------------------------------------------------------
g759         |
   t_735_736 |  -.0061208   .0029971    -2.04   0.041    -.0119951   -.0002465
   t_736_737 |   .0030554   .0057437     0.53   0.595     -.008202    .0143128
   t_737_738 |  -.0141703   .0077014    -1.84   0.066    -.0292648    .0009242
   t_738_739 |    .000388   .0071118     0.05   0.956    -.0135509    .0143268
   t_739_740 |  -.0037732   .0050129    -0.75   0.452    -.0135982    .0060519
   t_740_741 |  -.0049413   .0055716    -0.89   0.375    -.0158615     .005979
   t_741_742 |   .0077604   .0077873     1.00   0.319    -.0075025    .0230233
   t_742_743 |   .0002534   .0063089     0.04   0.968    -.0121119    .0126186
   t_743_744 |   .0000473   .0094961     0.00   0.996    -.0185648    .0186594
   t_744_745 |   .0109864   .0064558     1.70   0.089    -.0016668    .0236395
   t_745_746 |  -.0037756   .0067764    -0.56   0.577    -.0170571    .0095059
   t_746_747 |  -.0117891   .0043447    -2.71   0.007    -.0203047   -.0032736
   t_747_748 |  -.0009392   .0034567    -0.27   0.786    -.0077142    .0058359
   t_748_749 |   .0020151   .0024495     0.82   0.411    -.0027859     .006816
   t_749_750 |    .014109   .0052561     2.68   0.007     .0038073    .0244106
   t_750_751 |  -.0063238   .0036205    -1.75   0.081    -.0134198    .0007722
   t_751_752 |   .0075941   .0053761     1.41   0.158    -.0029428     .018131
   t_752_753 |   .0041862   .0046869     0.89   0.372    -.0049999    .0133723
   t_753_754 |  -.0043121   .0071899    -0.60   0.549    -.0184039    .0097798
   t_754_755 |   .0121183   .0056093     2.16   0.031     .0011243    .0231123
   t_755_756 |   .0001728   .0051323     0.03   0.973    -.0098863    .0102319
   t_756_757 |   .0060439   .0067043     0.90   0.367    -.0070963     .019184
   t_757_758 |  -.0063963   .0085834    -0.75   0.456    -.0232195    .0104268
   t_758_759 |  -.0033061   .0042591    -0.78   0.438    -.0116538    .0050415
   t_758_760 |  -.0095552    .006141    -1.56   0.120    -.0215913     .002481
   t_758_761 |  -.0048562    .005583    -0.87   0.384    -.0157986    .0060862
   t_758_762 |   .0065675   .0097558     0.67   0.501    -.0125535    .0256885
   t_758_763 |  -.0052234   .0163838    -0.32   0.750    -.0373351    .0268883
   t_758_764 |   .0015193   .0163908     0.09   0.926     -.030606    .0336446
   t_758_765 |   .0094712     .01961     0.48   0.629    -.0289636     .047906
   t_758_766 |   .0103353   .0103604     1.00   0.318    -.0099706    .0306412
------------------------------------------------------------------------------
Control: Never Treated

See Callaway and Sant'Anna (2021) for details
Pretrend Test. H0 Pre-treatment within window are equal to 0
chi2(23) =   282.1880
p-value  =     0.0000
File altnh.dta will be used to save all RIFs
...............................
(file altnh.dta not found)
file altnh.dta saved

Difference-in-difference with Multiple Time Periods

                                                         Number of obs = 4,128
Outcome model  : regression adjustment
Treatment model: none
---------------------------------------------------------------------
            | Coefficient  Std. err.      t      [95% conf. interval]
------------+--------------------------------------------------------
g759        |
   t_735_736|  -.0061208   .0027895    -2.19    -.0164183    .0041767
   t_736_737|   .0030554   .0056947     0.54    -.0179667    .0240775
   t_737_738|  -.0141703   .0038112    -3.72    -.0282394   -.0001012
   t_738_739|    .000388   .0047224     0.08    -.0170449    .0178209
   t_739_740|  -.0037732   .0048417    -0.78    -.0216465    .0141001
   t_740_741|  -.0049413    .005948    -0.83    -.0268983    .0170157
   t_741_742|   .0077604   .0084312     0.92    -.0233634    .0388842
   t_742_743|   .0002534   .0061615     0.04    -.0224918    .0229985
   t_743_744|   .0000473   .0055181     0.01    -.0203227    .0204173
   t_744_745|   .0109864    .007211     1.52     -.015633    .0376057
   t_745_746|  -.0037756   .0061768    -0.61    -.0265771    .0190259
   t_746_747|  -.0117891   .0044021    -2.68    -.0280396    .0044613
   t_747_748|  -.0009392   .0035048    -0.27     -.013877    .0119987
   t_748_749|   .0020151    .002501     0.81    -.0072175    .0112477
   t_749_750|    .014109   .0060255     2.34    -.0081341     .036352
   t_750_751|  -.0063238   .0034227    -1.85    -.0189586     .006311
   t_751_752|   .0075941   .0042271     1.80    -.0080102    .0231983
   t_752_753|   .0041862   .0047085     0.89    -.0131952    .0215675
   t_753_754|  -.0043121   .0069068    -0.62    -.0298084    .0211843
   t_754_755|   .0121183   .0054624     2.22    -.0080463    .0322829
   t_755_756|   .0001728   .0043672     0.04    -.0159486    .0162942
   t_756_757|   .0060439   .0067835     0.89    -.0189973     .031085
   t_757_758|  -.0063963   .0098811    -0.65    -.0428724    .0300797
   t_758_759|  -.0033061    .004303    -0.77    -.0191908    .0125785
   t_758_760|  -.0095552   .0062655    -1.53    -.0326844     .013574
   t_758_761|  -.0048562   .0053553    -0.91    -.0246253    .0149129
   t_758_762|   .0065675    .010649     0.62    -.0327433    .0458782
   t_758_763|  -.0052234   .0179225    -0.29    -.0713844    .0609375
   t_758_764|   .0015193   .0179769     0.08    -.0648426    .0678812
   t_758_765|   .0094712     .02322     0.41    -.0762456    .0951879
   t_758_766|   .0103353   .0107717     0.96    -.0294286    .0500992
---------------------------------------------------------------------
Control: Never Treated

See Callaway and Sant'Anna (2021) for details
Test will be based on asymptotic VCoV
If you want aggregations based on WB, use option saverif() ad csdid_stats
ATT by Periods Before and After treatment
Event Study:Dynamic effects
------------------------------------------------------------------------------
             | Coefficient  Std. err.      z    P>|z|     [95% conf. interval]
-------------+----------------------------------------------------------------
     Pre_avg |   .0002691   .0005112     0.53   0.599    -.0007329     .001271
    Post_avg |    .000619   .0093015     0.07   0.947    -.0176116    .0188497
        Tm23 |  -.0061208   .0029971    -2.04   0.041    -.0119951   -.0002465
        Tm22 |   .0030554   .0057437     0.53   0.595     -.008202    .0143128
        Tm21 |  -.0141703   .0077014    -1.84   0.066    -.0292648    .0009242
        Tm20 |    .000388   .0071118     0.05   0.956    -.0135509    .0143268
        Tm19 |  -.0037732   .0050129    -0.75   0.452    -.0135982    .0060519
        Tm18 |  -.0049413   .0055716    -0.89   0.375    -.0158615     .005979
        Tm17 |   .0077604   .0077873     1.00   0.319    -.0075025    .0230233
        Tm16 |   .0002534   .0063089     0.04   0.968    -.0121119    .0126186
        Tm15 |   .0000473   .0094961     0.00   0.996    -.0185648    .0186594
        Tm14 |   .0109864   .0064558     1.70   0.089    -.0016668    .0236395
        Tm13 |  -.0037756   .0067764    -0.56   0.577    -.0170571    .0095059
        Tm12 |  -.0117891   .0043447    -2.71   0.007    -.0203047   -.0032736
        Tm11 |  -.0009392   .0034567    -0.27   0.786    -.0077142    .0058359
        Tm10 |   .0020151   .0024495     0.82   0.411    -.0027859     .006816
         Tm9 |    .014109   .0052561     2.68   0.007     .0038073    .0244106
         Tm8 |  -.0063238   .0036205    -1.75   0.081    -.0134198    .0007722
         Tm7 |   .0075941   .0053761     1.41   0.158    -.0029428     .018131
         Tm6 |   .0041862   .0046869     0.89   0.372    -.0049999    .0133723
         Tm5 |  -.0043121   .0071899    -0.60   0.549    -.0184039    .0097798
         Tm4 |   .0121183   .0056093     2.16   0.031     .0011243    .0231123
         Tm3 |   .0001728   .0051323     0.03   0.973    -.0098863    .0102319
         Tm2 |   .0060439   .0067043     0.90   0.367    -.0070963     .019184
         Tm1 |  -.0063963   .0085834    -0.75   0.456    -.0232195    .0104268
         Tp0 |  -.0033061   .0042591    -0.78   0.438    -.0116538    .0050415
         Tp1 |  -.0095552    .006141    -1.56   0.120    -.0215913     .002481
         Tp2 |  -.0048562    .005583    -0.87   0.384    -.0157986    .0060862
         Tp3 |   .0065675   .0097558     0.67   0.501    -.0125535    .0256885
         Tp4 |  -.0052234   .0163838    -0.32   0.750    -.0373351    .0268883
         Tp5 |   .0015193   .0163908     0.09   0.926     -.030606    .0336446
         Tp6 |   .0094712     .01961     0.48   0.629    -.0289636     .047906
         Tp7 |   .0103353   .0103604     1.00   0.318    -.0099706    .0306412
------------------------------------------------------------------------------
(file C:\Users\local_toby_lowton\Temp\ST_3144_000002.tmp not found)
file C:\Users\local_toby_lowton\Temp\ST_3144_000002.tmp saved as .dta format

---------------------------------------------------------------------
            | Coefficient  Std. err.      t      [95% conf. interval]
------------+--------------------------------------------------------
    Pre_avg |   .0002691   .0005116     0.53    -.0015929     .002131
   Post_avg |    .000619   .0094883     0.07     -.033915    .0351531
       Tm23 |  -.0061208   .0029567    -2.07    -.0168824    .0046407
       Tm22 |   .0030554   .0056769     0.54    -.0176067    .0237174
       Tm21 |  -.0141703   .0038304    -3.70    -.0281117   -.0002288
       Tm20 |    .000388   .0044312     0.09      -.01574    .0165159
       Tm19 |  -.0037732   .0048047    -0.79    -.0212606    .0137142
       Tm18 |  -.0049413   .0049058    -1.01    -.0227967    .0129141
       Tm17 |   .0077604   .0080667     0.96    -.0215996    .0371205
       Tm16 |   .0002534   .0063343     0.04    -.0228013     .023308
       Tm15 |   .0000473   .0054295     0.01    -.0197143    .0198089
       Tm14 |   .0109864   .0060596     1.81    -.0110687    .0330414
       Tm13 |  -.0037756   .0065136    -0.58     -.027483    .0199318
       Tm12 |  -.0117891   .0042997    -2.74    -.0274385    .0038602
       Tm11 |  -.0009392   .0032486    -0.29    -.0127629    .0108846
       Tm10 |   .0020151   .0023997     0.84     -.006719    .0107491
        Tm9 |    .014109   .0055065     2.56    -.0059328    .0341507
        Tm8 |  -.0063238   .0037942    -1.67    -.0201335    .0074859
        Tm7 |   .0075941   .0042348     1.79    -.0078192    .0230073
        Tm6 |   .0041862   .0046903     0.89     -.012885    .0212573
        Tm5 |  -.0043121   .0071105    -0.61    -.0301917    .0215676
        Tm4 |   .0121183   .0053196     2.28    -.0072431    .0314798
        Tm3 |   .0001728   .0048682     0.04    -.0175458    .0178914
        Tm2 |   .0060439   .0068494     0.88    -.0188856    .0309733
        Tm1 |  -.0063963   .0101076    -0.63    -.0431846    .0303919
        Tp0 |  -.0033061   .0041428    -0.80    -.0183844    .0117721
        Tp1 |  -.0095552    .006196    -1.54    -.0321065    .0129961
        Tp2 |  -.0048562   .0054805    -0.89    -.0248032    .0150909
        Tp3 |   .0065675   .0094809     0.69    -.0279398    .0410747
        Tp4 |  -.0052234   .0160148    -0.33    -.0635118     .053065
        Tp5 |   .0015193   .0153286     0.10    -.0542714      .05731
        Tp6 |   .0094712   .0209908     0.45    -.0669283    .0858707
        Tp7 |   .0103353   .0105309     0.98    -.0279937    .0486643
---------------------------------------------------------------------
file Outputs/Main/CSA_Non-Admitted_Pathways_Under_24_Weeks_Prop.png saved as PNG format
      name:  <unnamed>
       log:  C:\Users\toby_lowton\Documents\ERF_Research\Outputs/Main/CSA_Non-Admitted_Pathways_Under_24_Weeks_Prop.log
  log type:  text
 closed on:   6 Feb 2024, 16:51:10
------------------------------------------------------------------------------------------------------------------------------------
