------------------------------------------------------------------------------------------------------------------------------------
      name:  <unnamed>
       log:  C:\Users\toby_lowton\Documents\ERF_Research\Outputs/Main/CSA_Non-Admitted_Pathways_Over_52_Weeks_Prop.log
  log type:  text
 opened on:   6 Feb 2024, 16:51:10
...............................
Difference-in-difference with Multiple Time Periods

                                                         Number of obs = 4,128
Outcome model  : regression adjustment
Treatment model: none
------------------------------------------------------------------------------
             | Coefficient  Std. err.      z    P>|z|     [95% conf. interval]
-------------+----------------------------------------------------------------
g759         |
   t_735_736 |  -.0001328   .0026809    -0.05   0.960    -.0053872    .0051216
   t_736_737 |   .0006486    .002722     0.24   0.812    -.0046863    .0059835
   t_737_738 |   .0017811   .0015844     1.12   0.261    -.0013243    .0048865
   t_738_739 |  -.0003733   .0026526    -0.14   0.888    -.0055723    .0048257
   t_739_740 |   .0032121   .0029708     1.08   0.280    -.0026106    .0090348
   t_740_741 |   .0020459   .0022666     0.90   0.367    -.0023965    .0064884
   t_741_742 |  -.0041735   .0045073    -0.93   0.354    -.0130076    .0046605
   t_742_743 |  -.0030442   .0022978    -1.32   0.185    -.0075477    .0014594
   t_743_744 |   .0020309   .0032805     0.62   0.536    -.0043987    .0084606
   t_744_745 |  -.0028453   .0043065    -0.66   0.509    -.0112859    .0055954
   t_745_746 |   .0025998     .00272     0.96   0.339    -.0027313    .0079308
   t_746_747 |  -.0015047   .0018243    -0.82   0.409    -.0050803    .0020709
   t_747_748 |   .0027192   .0013363     2.03   0.042        .0001    .0053383
   t_748_749 |  -.0018988   .0032246    -0.59   0.556    -.0082189    .0044214
   t_749_750 |  -.0038442   .0044883    -0.86   0.392    -.0126411    .0049528
   t_750_751 |   .0017751   .0025528     0.70   0.487    -.0032284    .0067786
   t_751_752 |  -.0062302   .0042347    -1.47   0.141    -.0145301    .0020697
   t_752_753 |  -.0009293   .0021816    -0.43   0.670    -.0052051    .0033466
   t_753_754 |   .0027462   .0056846     0.48   0.629    -.0083954    .0138877
   t_754_755 |   -.011241   .0050813    -2.21   0.027    -.0212001    -.001282
   t_755_756 |  -.0048468   .0032189    -1.51   0.132    -.0111557    .0014621
   t_756_757 |    .000726   .0031633     0.23   0.818     -.005474     .006926
   t_757_758 |  -.0018866   .0041178    -0.46   0.647    -.0099572    .0061841
   t_758_759 |   .0016202   .0046849     0.35   0.729    -.0075621    .0108025
   t_758_760 |   .0075749   .0065605     1.15   0.248    -.0052836    .0204333
   t_758_761 |   .0026891    .006234     0.43   0.666    -.0095293    .0149075
   t_758_762 |   .0026095   .0091003     0.29   0.774    -.0152268    .0204457
   t_758_763 |    .002299   .0101256     0.23   0.820    -.0175468    .0221448
   t_758_764 |   .0004996   .0102305     0.05   0.961    -.0195519    .0205511
   t_758_765 |   .0013985   .0121439     0.12   0.908    -.0224031       .0252
   t_758_766 |  -.0045066   .0079088    -0.57   0.569    -.0200076    .0109944
------------------------------------------------------------------------------
Control: Never Treated

See Callaway and Sant'Anna (2021) for details
Pretrend Test. H0 Pre-treatment within window are equal to 0
chi2(23) =   115.6930
p-value  =     0.0000
File altnh.dta will be replaced
...............................
file altnh.dta saved

Difference-in-difference with Multiple Time Periods

                                                         Number of obs = 4,128
Outcome model  : regression adjustment
Treatment model: none
---------------------------------------------------------------------
            | Coefficient  Std. err.      t      [95% conf. interval]
------------+--------------------------------------------------------
g759        |
   t_735_736|  -.0001328   .0021663    -0.06    -.0070158    .0067502
   t_736_737|   .0006486    .002746     0.24    -.0080763    .0093735
   t_737_738|   .0017811   .0015065     1.18    -.0030055    .0065677
   t_738_739|  -.0003733   .0026769    -0.14    -.0088786     .008132
   t_739_740|   .0032121   .0032781     0.98    -.0072033    .0136275
   t_740_741|   .0020459   .0021995     0.93    -.0049424    .0090342
   t_741_742|  -.0041735   .0043941    -0.95    -.0181349    .0097878
   t_742_743|  -.0030442   .0022891    -1.33    -.0103174    .0042291
   t_743_744|   .0020309   .0024397     0.83    -.0057207    .0097826
   t_744_745|  -.0028453   .0053396    -0.53    -.0198107    .0141202
   t_745_746|   .0025998   .0021645     1.20    -.0042776    .0094771
   t_746_747|  -.0015047    .001984    -0.76    -.0078085    .0047991
   t_747_748|   .0027192   .0013469     2.02    -.0015603    .0069986
   t_748_749|  -.0018988   .0036458    -0.52    -.0134824    .0096848
   t_749_750|  -.0038442   .0051193    -0.75    -.0201094    .0124211
   t_750_751|   .0017751   .0024899     0.71    -.0061359    .0096861
   t_751_752|  -.0062302   .0034598    -1.80    -.0172229    .0047625
   t_752_753|  -.0009293   .0020435    -0.45    -.0074219    .0055633
   t_753_754|   .0027462   .0033336     0.82    -.0078455    .0133378
   t_754_755|   -.011241   .0042251    -2.66    -.0246653    .0021832
   t_755_756|  -.0048468   .0030792    -1.57    -.0146303    .0049367
   t_756_757|    .000726   .0033958     0.21    -.0100634    .0115154
   t_757_758|  -.0018866   .0045302    -0.42    -.0162801     .012507
   t_758_759|   .0016202   .0045214     0.36    -.0127455    .0159859
   t_758_760|   .0075749   .0067178     1.13    -.0137694    .0289191
   t_758_761|   .0026891   .0065509     0.41     -.018125    .0235032
   t_758_762|   .0026095   .0079671     0.33     -.022704     .027923
   t_758_763|    .002299   .0073167     0.31    -.0209482    .0255462
   t_758_764|   .0004996   .0091161     0.05    -.0284646    .0294638
   t_758_765|   .0013985   .0131977     0.11    -.0405342    .0433311
   t_758_766|  -.0045066   .0081338    -0.55    -.0303498    .0213366
---------------------------------------------------------------------
Control: Never Treated

See Callaway and Sant'Anna (2021) for details
Test will be based on asymptotic VCoV
If you want aggregations based on WB, use option saverif() ad csdid_stats
ATT by Periods Before and After treatment
Event Study:Dynamic effects
------------------------------------------------------------------------------
             | Coefficient  Std. err.      z    P>|z|     [95% conf. interval]
-------------+----------------------------------------------------------------
     Pre_avg |  -.0009855   .0003506    -2.81   0.005    -.0016727   -.0002983
    Post_avg |    .001773   .0077627     0.23   0.819    -.0134416    .0169876
        Tm23 |  -.0001328   .0026809    -0.05   0.960    -.0053872    .0051216
        Tm22 |   .0006486    .002722     0.24   0.812    -.0046863    .0059835
        Tm21 |   .0017811   .0015844     1.12   0.261    -.0013243    .0048865
        Tm20 |  -.0003733   .0026526    -0.14   0.888    -.0055723    .0048257
        Tm19 |   .0032121   .0029708     1.08   0.280    -.0026106    .0090348
        Tm18 |   .0020459   .0022666     0.90   0.367    -.0023965    .0064884
        Tm17 |  -.0041735   .0045073    -0.93   0.354    -.0130076    .0046605
        Tm16 |  -.0030442   .0022978    -1.32   0.185    -.0075477    .0014594
        Tm15 |   .0020309   .0032805     0.62   0.536    -.0043987    .0084606
        Tm14 |  -.0028453   .0043065    -0.66   0.509    -.0112859    .0055954
        Tm13 |   .0025998     .00272     0.96   0.339    -.0027313    .0079308
        Tm12 |  -.0015047   .0018243    -0.82   0.409    -.0050803    .0020709
        Tm11 |   .0027192   .0013363     2.03   0.042        .0001    .0053383
        Tm10 |  -.0018988   .0032246    -0.59   0.556    -.0082189    .0044214
         Tm9 |  -.0038442   .0044883    -0.86   0.392    -.0126411    .0049528
         Tm8 |   .0017751   .0025528     0.70   0.487    -.0032284    .0067786
         Tm7 |  -.0062302   .0042347    -1.47   0.141    -.0145301    .0020697
         Tm6 |  -.0009293   .0021816    -0.43   0.670    -.0052051    .0033466
         Tm5 |   .0027462   .0056846     0.48   0.629    -.0083954    .0138877
         Tm4 |   -.011241   .0050813    -2.21   0.027    -.0212001    -.001282
         Tm3 |  -.0048468   .0032189    -1.51   0.132    -.0111557    .0014621
         Tm2 |    .000726   .0031633     0.23   0.818     -.005474     .006926
         Tm1 |  -.0018866   .0041178    -0.46   0.647    -.0099572    .0061841
         Tp0 |   .0016202   .0046849     0.35   0.729    -.0075621    .0108025
         Tp1 |   .0075749   .0065605     1.15   0.248    -.0052836    .0204333
         Tp2 |   .0026891    .006234     0.43   0.666    -.0095293    .0149075
         Tp3 |   .0026095   .0091003     0.29   0.774    -.0152268    .0204457
         Tp4 |    .002299   .0101256     0.23   0.820    -.0175468    .0221448
         Tp5 |   .0004996   .0102305     0.05   0.961    -.0195519    .0205511
         Tp6 |   .0013985   .0121439     0.12   0.908    -.0224031       .0252
         Tp7 |  -.0045066   .0079088    -0.57   0.569    -.0200076    .0109944
------------------------------------------------------------------------------
(file C:\Users\local_toby_lowton\Temp\ST_3144_000003.tmp not found)
file C:\Users\local_toby_lowton\Temp\ST_3144_000003.tmp saved as .dta format

---------------------------------------------------------------------
            | Coefficient  Std. err.      t      [95% conf. interval]
------------+--------------------------------------------------------
    Pre_avg |  -.0009855   .0003665    -2.69    -.0022839     .000313
   Post_avg |    .001773   .0061805     0.29    -.0201217    .0236677
       Tm23 |  -.0001328   .0021207    -0.06    -.0076455      .00738
       Tm22 |   .0006486   .0026746     0.24    -.0088261    .0101233
       Tm21 |   .0017811   .0016305     1.09    -.0039948    .0075571
       Tm20 |  -.0003733   .0020662    -0.18    -.0076929    .0069463
       Tm19 |   .0032121   .0028439     1.13    -.0068624    .0132866
       Tm18 |   .0020459   .0021476     0.95     -.005562    .0096538
       Tm17 |  -.0041735   .0042117    -0.99    -.0190938    .0107467
       Tm16 |  -.0030442   .0023483    -1.30    -.0113629    .0052746
       Tm15 |   .0020309   .0024114     0.84    -.0065115    .0105734
       Tm14 |  -.0028453    .004832    -0.59    -.0199627    .0142721
       Tm13 |   .0025998    .002267     1.15    -.0054311    .0106306
       Tm12 |  -.0015047    .001815    -0.83    -.0079344     .004925
       Tm11 |   .0027192   .0012996     2.09    -.0018847    .0073231
       Tm10 |  -.0018988   .0033515    -0.57    -.0137716     .009974
        Tm9 |  -.0038442   .0048597    -0.79    -.0210596    .0133713
        Tm8 |   .0017751   .0025037     0.71    -.0070944    .0106445
        Tm7 |  -.0062302   .0034917    -1.78    -.0185998    .0061394
        Tm6 |  -.0009293   .0021064    -0.44    -.0083913    .0065327
        Tm5 |   .0027462   .0028887     0.95    -.0074873    .0129796
        Tm4 |   -.011241   .0041686    -2.70    -.0260083    .0035263
        Tm3 |  -.0048468   .0031255    -1.55    -.0159191    .0062255
        Tm2 |    .000726   .0033678     0.22    -.0112047    .0126567
        Tm1 |  -.0018866   .0037393    -0.50     -.015133    .0113599
        Tp0 |   .0016202   .0045278     0.36    -.0144197    .0176601
        Tp1 |   .0075749   .0063538     1.19    -.0149336    .0300833
        Tp2 |   .0026891     .00568     0.47    -.0174323    .0228105
        Tp3 |   .0026095    .006708     0.39    -.0211537    .0263726
        Tp4 |    .002299   .0066783     0.34    -.0213592    .0259571
        Tp5 |   .0004996   .0078818     0.06    -.0274221    .0284213
        Tp6 |   .0013985   .0116904     0.12    -.0400153    .0428122
        Tp7 |  -.0045066   .0074378    -0.61    -.0308552     .021842
---------------------------------------------------------------------
file Outputs/Main/CSA_Non-Admitted_Pathways_Over_52_Weeks_Prop.png saved as PNG format
      name:  <unnamed>
       log:  C:\Users\toby_lowton\Documents\ERF_Research\Outputs/Main/CSA_Non-Admitted_Pathways_Over_52_Weeks_Prop.log
  log type:  text
 closed on:   6 Feb 2024, 16:51:14
------------------------------------------------------------------------------------------------------------------------------------
