------------------------------------------------------------------------------------------------------------------------------------
      name:  <unnamed>
       log:  C:\Users\toby_lowton\Documents\ERF_Research\Outputs/Main/CSA_Incomplete_Pathways_DTA_Under_24_Weeks_Prop_Manual.log
  log type:  text
 opened on:   6 Feb 2024, 16:52:50
...............................
Difference-in-difference with Multiple Time Periods

                                                         Number of obs = 4,096
Outcome model  : regression adjustment
Treatment model: none
------------------------------------------------------------------------------
             | Coefficient  Std. err.      z    P>|z|     [95% conf. interval]
-------------+----------------------------------------------------------------
g759         |
   t_735_736 |   .0047449   .0033444     1.42   0.156      -.00181    .0112998
   t_736_737 |  -.0082909   .0036854    -2.25   0.024    -.0155141   -.0010676
   t_737_738 |   .0044546   .0050633     0.88   0.379    -.0054694    .0143786
   t_738_739 |  -.0030078   .0054579    -0.55   0.582    -.0137051    .0076896
   t_739_740 |   .0043585   .0091491     0.48   0.634    -.0135735    .0222905
   t_740_741 |   .0010953   .0034482     0.32   0.751    -.0056631    .0078537
   t_741_742 |   .0049319   .0049449     1.00   0.319      -.00476    .0146238
   t_742_743 |   .0067824   .0036753     1.85   0.065     -.000421    .0139857
   t_743_744 |   -.003944   .0040074    -0.98   0.325    -.0117983    .0039103
   t_744_745 |  -.0026624   .0058712    -0.45   0.650    -.0141697    .0088448
   t_745_746 |   .0025046   .0039511     0.63   0.526    -.0052394    .0102486
   t_746_747 |   .0101215   .0073134     1.38   0.166    -.0042124    .0244555
   t_747_748 |   .0062513   .0033532     1.86   0.062    -.0003209    .0128235
   t_748_749 |   .0080356   .0061157     1.31   0.189    -.0039509    .0200222
   t_749_750 |   .0057003   .0063999     0.89   0.373    -.0068433    .0182438
   t_750_751 |    .009619   .0049667     1.94   0.053    -.0001155    .0193536
   t_751_752 |   .0087979   .0037136     2.37   0.018     .0015194    .0160763
   t_752_753 |   .0054495   .0025337     2.15   0.031     .0004836    .0104154
   t_753_754 |   .0029579   .0046461     0.64   0.524    -.0061483    .0120642
   t_754_755 |  -.0063336   .0053149    -1.19   0.233    -.0167507    .0040835
   t_755_756 |   .0057525   .0083976     0.69   0.493    -.0107065    .0222115
   t_756_757 |   -.001776   .0056103    -0.32   0.752     -.012772    .0092201
   t_757_758 |   .0043858   .0044906     0.98   0.329    -.0044156    .0131872
   t_758_759 |  -.0074867    .005346    -1.40   0.161    -.0179646    .0029913
   t_758_760 |  -.0094469   .0074222    -1.27   0.203    -.0239942    .0051004
   t_758_761 |  -.0127178   .0070187    -1.81   0.070    -.0264742    .0010386
   t_758_762 |  -.0093131    .009929    -0.94   0.348    -.0287736    .0101474
   t_758_763 |  -.0084209   .0092276    -0.91   0.361    -.0265066    .0096648
   t_758_764 |  -.0113621    .009493    -1.20   0.231     -.029968    .0072438
   t_758_765 |  -.0094621   .0089634    -1.06   0.291    -.0270301    .0081059
   t_758_766 |  -.0116798   .0120347    -0.97   0.332    -.0352673    .0119077
------------------------------------------------------------------------------
Control: Never Treated

See Callaway and Sant'Anna (2021) for details
Pretrend Test. H0 Pre-treatment within window are equal to 0
chi2(23) =   310.0245
p-value  =     0.0000
File altnh.dta will be used to save all RIFs
...............................
(file altnh.dta not found)
file altnh.dta saved

Difference-in-difference with Multiple Time Periods

                                                         Number of obs = 4,096
Outcome model  : regression adjustment
Treatment model: none
---------------------------------------------------------------------
            | Coefficient  Std. err.      t      [95% conf. interval]
------------+--------------------------------------------------------
g759        |
   t_735_736|   .0047449   .0033238     1.43     -.011578    .0210678
   t_736_737|  -.0082909   .0034299    -2.42    -.0251348     .008553
   t_737_738|   .0044546   .0051853     0.86    -.0210103    .0299195
   t_738_739|  -.0030078   .0060715    -0.50    -.0328244    .0268089
   t_739_740|   .0043585    .004663     0.93    -.0185412    .0272581
   t_740_741|   .0010953   .0032103     0.34    -.0146703    .0168609
   t_741_742|   .0049319   .0047773     1.03    -.0185293    .0283931
   t_742_743|   .0067824   .0029686     2.28    -.0077963    .0213611
   t_743_744|   -.003944   .0041597    -0.95    -.0243723    .0164843
   t_744_745|  -.0026624   .0061008    -0.44     -.032623    .0272981
   t_745_746|   .0025046   .0039295     0.64    -.0167929    .0218021
   t_746_747|   .0101215     .00751     1.35    -.0267599     .047003
   t_747_748|   .0062513   .0030302     2.06    -.0086297    .0211324
   t_748_749|   .0080356   .0049232     1.63     -.016142    .0322132
   t_749_750|   .0057003   .0058333     0.98    -.0229467    .0343472
   t_750_751|    .009619   .0051639     1.86    -.0157407    .0349787
   t_751_752|   .0087979    .002903     3.03    -.0054585    .0230542
   t_752_753|   .0054495   .0024784     2.20    -.0067219    .0176209
   t_753_754|   .0029579   .0040561     0.73    -.0169613    .0228772
   t_754_755|  -.0063336   .0040368    -1.57     -.026158    .0134909
   t_755_756|   .0057525    .003029     1.90    -.0091229    .0206278
   t_756_757|   -.001776   .0056673    -0.31    -.0296077    .0260558
   t_757_758|   .0043858   .0040719     1.08    -.0156109    .0243825
   t_758_759|  -.0074867   .0052987    -1.41    -.0335081    .0185348
   t_758_760|  -.0094469   .0071602    -1.32    -.0446104    .0257166
   t_758_761|  -.0127178    .007071    -1.80    -.0474432    .0220076
   t_758_762|  -.0093131   .0096777    -0.96    -.0568398    .0382136
   t_758_763|  -.0084209   .0082559    -1.02    -.0489651    .0321232
   t_758_764|  -.0113621   .0081964    -1.39     -.051614    .0288898
   t_758_765|  -.0094621   .0089467    -1.06    -.0533987    .0344746
   t_758_766|  -.0116798   .0114507    -1.02    -.0679136     .044554
---------------------------------------------------------------------
Control: Never Treated

See Callaway and Sant'Anna (2021) for details
Test will be based on asymptotic VCoV
If you want aggregations based on WB, use option saverif() ad csdid_stats
ATT by Periods Before and After treatment
Event Study:Dynamic effects
------------------------------------------------------------------------------
             | Coefficient  Std. err.      z    P>|z|     [95% conf. interval]
-------------+----------------------------------------------------------------
     Pre_avg |   .0030404   .0015478     1.96   0.049     6.69e-06    .0060741
    Post_avg |  -.0099862   .0061083    -1.63   0.102    -.0219582    .0019859
        Tm23 |   .0047449   .0033444     1.42   0.156      -.00181    .0112998
        Tm22 |  -.0082909   .0036854    -2.25   0.024    -.0155141   -.0010676
        Tm21 |   .0044546   .0050633     0.88   0.379    -.0054694    .0143786
        Tm20 |  -.0030078   .0054579    -0.55   0.582    -.0137051    .0076896
        Tm19 |   .0043585   .0091491     0.48   0.634    -.0135735    .0222905
        Tm18 |   .0010953   .0034482     0.32   0.751    -.0056631    .0078537
        Tm17 |   .0049319   .0049449     1.00   0.319      -.00476    .0146238
        Tm16 |   .0067824   .0036753     1.85   0.065     -.000421    .0139857
        Tm15 |   -.003944   .0040074    -0.98   0.325    -.0117983    .0039103
        Tm14 |  -.0026624   .0058712    -0.45   0.650    -.0141697    .0088448
        Tm13 |   .0025046   .0039511     0.63   0.526    -.0052394    .0102486
        Tm12 |   .0101215   .0073134     1.38   0.166    -.0042124    .0244555
        Tm11 |   .0062513   .0033532     1.86   0.062    -.0003209    .0128235
        Tm10 |   .0080356   .0061157     1.31   0.189    -.0039509    .0200222
         Tm9 |   .0057003   .0063999     0.89   0.373    -.0068433    .0182438
         Tm8 |    .009619   .0049667     1.94   0.053    -.0001155    .0193536
         Tm7 |   .0087979   .0037136     2.37   0.018     .0015194    .0160763
         Tm6 |   .0054495   .0025337     2.15   0.031     .0004836    .0104154
         Tm5 |   .0029579   .0046461     0.64   0.524    -.0061483    .0120642
         Tm4 |  -.0063336   .0053149    -1.19   0.233    -.0167507    .0040835
         Tm3 |   .0057525   .0083976     0.69   0.493    -.0107065    .0222115
         Tm2 |   -.001776   .0056103    -0.32   0.752     -.012772    .0092201
         Tm1 |   .0043858   .0044906     0.98   0.329    -.0044156    .0131872
         Tp0 |  -.0074867    .005346    -1.40   0.161    -.0179646    .0029913
         Tp1 |  -.0094469   .0074222    -1.27   0.203    -.0239942    .0051004
         Tp2 |  -.0127178   .0070187    -1.81   0.070    -.0264742    .0010386
         Tp3 |  -.0093131    .009929    -0.94   0.348    -.0287736    .0101474
         Tp4 |  -.0084209   .0092276    -0.91   0.361    -.0265066    .0096648
         Tp5 |  -.0113621    .009493    -1.20   0.231     -.029968    .0072438
         Tp6 |  -.0094621   .0089634    -1.06   0.291    -.0270301    .0081059
         Tp7 |  -.0116798   .0120347    -0.97   0.332    -.0352673    .0119077
------------------------------------------------------------------------------
(file C:\Users\local_toby_lowton\Temp\ST_3144_00000a.tmp not found)
file C:\Users\local_toby_lowton\Temp\ST_3144_00000a.tmp saved as .dta format

---------------------------------------------------------------------
            | Coefficient  Std. err.      t      [95% conf. interval]
------------+--------------------------------------------------------
    Pre_avg |   .0030404   .0014269     2.13    -.0025544    .0086351
   Post_avg |  -.0099862   .0051403    -1.94    -.0301414     .010169
       Tm23 |   .0047449   .0035898     1.32    -.0093308    .0188206
       Tm22 |  -.0082909   .0034462    -2.41    -.0218033    .0052216
       Tm21 |   .0044546   .0050863     0.88    -.0154889    .0243981
       Tm20 |  -.0030078   .0056596    -0.53    -.0251992    .0191837
       Tm19 |   .0043585   .0044747     0.97    -.0131867    .0219037
       Tm18 |   .0010953   .0031618     0.35    -.0113023    .0134929
       Tm17 |   .0049319   .0046582     1.06    -.0133328    .0231966
       Tm16 |   .0067824   .0029106     2.33    -.0046303     .018195
       Tm15 |   -.003944   .0040504    -0.97    -.0198257    .0119376
       Tm14 |  -.0026624   .0060539    -0.44       -.0264    .0210751
       Tm13 |   .0025046   .0041928     0.60    -.0139353    .0189445
       Tm12 |   .0101215   .0072501     1.40    -.0183063    .0385494
       Tm11 |   .0062513   .0035323     1.77    -.0075988    .0201014
       Tm10 |   .0080356    .004593     1.75    -.0099736    .0260449
        Tm9 |   .0057003   .0066481     0.86    -.0203672    .0317677
        Tm8 |    .009619   .0047844     2.01    -.0091405    .0283785
        Tm7 |   .0087979   .0028422     3.10    -.0023466    .0199423
        Tm6 |   .0054495   .0026197     2.08    -.0048223    .0157213
        Tm5 |   .0029579   .0048804     0.61    -.0161784    .0220942
        Tm4 |  -.0063336   .0045853    -1.38    -.0243125    .0116453
        Tm3 |   .0057525   .0039063     1.47    -.0095643    .0210693
        Tm2 |   -.001776   .0068574    -0.26    -.0286639     .025112
        Tm1 |   .0043858   .0048194     0.91     -.014511    .0232826
        Tp0 |  -.0074867   .0052006    -1.44    -.0278781    .0129048
        Tp1 |  -.0094469   .0069156    -1.37     -.036563    .0176692
        Tp2 |  -.0127178   .0072271    -1.76    -.0410553    .0156198
        Tp3 |  -.0093131   .0092446    -1.01    -.0455614    .0269353
        Tp4 |  -.0084209   .0078398    -1.07    -.0391611    .0223192
        Tp5 |  -.0113621   .0081652    -1.39     -.043378    .0206538
        Tp6 |  -.0094621   .0095541    -0.99    -.0469237    .0279996
        Tp7 |  -.0116798   .0122032    -0.96    -.0595287    .0361691
---------------------------------------------------------------------
file Outputs/Main/CSA_Incomplete_Pathways_DTA_Under_24_Weeks_Prop_Manual.png saved as PNG format
      name:  <unnamed>
       log:  C:\Users\toby_lowton\Documents\ERF_Research\Outputs/Main/CSA_Incomplete_Pathways_DTA_Under_24_Weeks_Prop_Manual.log
  log type:  text
 closed on:   6 Feb 2024, 16:52:54
------------------------------------------------------------------------------------------------------------------------------------
