------------------------------------------------------------------------------------------------------------------------------------
      name:  <unnamed>
       log:  C:\Users\toby_lowton\Documents\ERF_Research\Outputs/Main/CSA_Incomplete_Pathways_DTA_Over_52_Weeks_Prop_Manual.log
  log type:  text
 opened on:   6 Feb 2024, 16:52:54
...............................
Difference-in-difference with Multiple Time Periods

                                                         Number of obs = 4,096
Outcome model  : regression adjustment
Treatment model: none
------------------------------------------------------------------------------
             | Coefficient  Std. err.      z    P>|z|     [95% conf. interval]
-------------+----------------------------------------------------------------
g759         |
   t_735_736 |  -.0015578   .0028345    -0.55   0.583    -.0071132    .0039977
   t_736_737 |  -.0030945   .0025458    -1.22   0.224    -.0080842    .0018952
   t_737_738 |  -.0044458   .0031283    -1.42   0.155     -.010577    .0016855
   t_738_739 |   -.000976   .0019581    -0.50   0.618    -.0048139    .0028618
   t_739_740 |  -.0073746   .0056227    -1.31   0.190    -.0183948    .0036457
   t_740_741 |  -.0036122   .0029254    -1.23   0.217     -.009346    .0021216
   t_741_742 |   -.006927   .0039185    -1.77   0.077    -.0146071    .0007532
   t_742_743 |  -.0046195   .0017959    -2.57   0.010    -.0081394   -.0010996
   t_743_744 |   .0018746   .0031836     0.59   0.556    -.0043651    .0081142
   t_744_745 |   .0024692   .0034501     0.72   0.474    -.0042929    .0092314
   t_745_746 |   .0002343   .0035805     0.07   0.948    -.0067834    .0072519
   t_746_747 |  -.0033636   .0018907    -1.78   0.075    -.0070693    .0003421
   t_747_748 |  -.0063155   .0023284    -2.71   0.007     -.010879   -.0017519
   t_748_749 |  -.0081385   .0036744    -2.21   0.027    -.0153401   -.0009369
   t_749_750 |  -.0043485   .0036729    -1.18   0.236    -.0115473    .0028503
   t_750_751 |  -.0066214   .0025798    -2.57   0.010    -.0116777    -.001565
   t_751_752 |  -.0058673   .0030443    -1.93   0.054     -.011834    .0000993
   t_752_753 |  -.0024888   .0022197    -1.12   0.262    -.0068393    .0018618
   t_753_754 |  -.0047457   .0029203    -1.63   0.104    -.0104694    .0009781
   t_754_755 |  -.0025937   .0023081    -1.12   0.261    -.0071175    .0019301
   t_755_756 |  -.0051025   .0043785    -1.17   0.244    -.0136842    .0034792
   t_756_757 |  -.0046816   .0046153    -1.01   0.310    -.0137275    .0043642
   t_757_758 |  -.0057752   .0046296    -1.25   0.212    -.0148491    .0032987
   t_758_759 |   .0056084   .0019201     2.92   0.003     .0018451    .0093717
   t_758_760 |   .0078418   .0040084     1.96   0.050    -.0000145    .0156981
   t_758_761 |   .0121726   .0074887     1.63   0.104    -.0025051    .0268502
   t_758_762 |   .0119261   .0097397     1.22   0.221    -.0071633    .0310156
   t_758_763 |   .0101769   .0107762     0.94   0.345    -.0109441    .0312978
   t_758_764 |   .0098983   .0117588     0.84   0.400    -.0131486    .0329452
   t_758_765 |   .0095161   .0124964     0.76   0.446    -.0149764    .0340085
   t_758_766 |   .0111317   .0119564     0.93   0.352    -.0123025    .0345659
------------------------------------------------------------------------------
Control: Never Treated

See Callaway and Sant'Anna (2021) for details
Pretrend Test. H0 Pre-treatment within window are equal to 0
chi2(23) =   368.3535
p-value  =     0.0000
File altnh.dta will be replaced
...............................
file altnh.dta saved

Difference-in-difference with Multiple Time Periods

                                                         Number of obs = 4,096
Outcome model  : regression adjustment
Treatment model: none
---------------------------------------------------------------------
            | Coefficient  Std. err.      t      [95% conf. interval]
------------+--------------------------------------------------------
g759        |
   t_735_736|  -.0015578    .002613    -0.60    -.0089645    .0058489
   t_736_737|  -.0030945   .0025407    -1.22    -.0102964    .0041074
   t_737_738|  -.0044458   .0030292    -1.47    -.0130321    .0041406
   t_738_739|   -.000976   .0018581    -0.53    -.0062431     .004291
   t_739_740|  -.0073746   .0055342    -1.33    -.0230615    .0083124
   t_740_741|  -.0036122   .0028677    -1.26     -.011741    .0045166
   t_741_742|   -.006927   .0035938    -1.93    -.0171138    .0032599
   t_742_743|  -.0046195   .0017778    -2.60    -.0096587    .0004197
   t_743_744|   .0018746   .0031721     0.59    -.0071169     .010866
   t_744_745|   .0024692   .0039229     0.63    -.0086504    .0135889
   t_745_746|   .0002343   .0039241     0.06    -.0108889    .0113575
   t_746_747|  -.0033636    .001704    -1.97    -.0081937    .0014665
   t_747_748|  -.0063155   .0024898    -2.54    -.0133729    .0007419
   t_748_749|  -.0081385   .0035332    -2.30    -.0181536    .0018767
   t_749_750|  -.0043485   .0043104    -1.01    -.0165665    .0078695
   t_750_751|  -.0066214   .0023532    -2.81    -.0132917     .000049
   t_751_752|  -.0058673   .0022809    -2.57    -.0123328    .0005981
   t_752_753|  -.0024888   .0021366    -1.16     -.008545    .0035674
   t_753_754|  -.0047457   .0028225    -1.68    -.0127464     .003255
   t_754_755|  -.0025937   .0022624    -1.15    -.0090066    .0038191
   t_755_756|  -.0051025   .0032744    -1.56    -.0143839    .0041789
   t_756_757|  -.0046816    .005127    -0.91    -.0192146    .0098513
   t_757_758|  -.0057752   .0042186    -1.37     -.017733    .0061827
   t_758_759|   .0056084   .0015582     3.60     .0011916    .0100252
   t_758_760|   .0078418   .0035731     2.19    -.0022865    .0179701
   t_758_761|   .0121726   .0069701     1.75    -.0075846    .0319297
   t_758_762|   .0119261   .0099296     1.20      -.01622    .0400723
   t_758_763|   .0101769   .0102646     0.99    -.0189187    .0392725
   t_758_764|   .0098983    .010853     0.91    -.0208654    .0406619
   t_758_765|   .0095161   .0112046     0.85     -.022244    .0412761
   t_758_766|   .0111317   .0116777     0.95    -.0219694    .0442327
---------------------------------------------------------------------
Control: Never Treated

See Callaway and Sant'Anna (2021) for details
Test will be based on asymptotic VCoV
If you want aggregations based on WB, use option saverif() ad csdid_stats
ATT by Periods Before and After treatment
Event Study:Dynamic effects
------------------------------------------------------------------------------
             | Coefficient  Std. err.      z    P>|z|     [95% conf. interval]
-------------+----------------------------------------------------------------
     Pre_avg |  -.0038292    .001326    -2.89   0.004    -.0064281   -.0012303
    Post_avg |    .009784   .0086454     1.13   0.258    -.0071607    .0267286
        Tm23 |  -.0015578   .0028345    -0.55   0.583    -.0071132    .0039977
        Tm22 |  -.0030945   .0025458    -1.22   0.224    -.0080842    .0018952
        Tm21 |  -.0044458   .0031283    -1.42   0.155     -.010577    .0016855
        Tm20 |   -.000976   .0019581    -0.50   0.618    -.0048139    .0028618
        Tm19 |  -.0073746   .0056227    -1.31   0.190    -.0183948    .0036457
        Tm18 |  -.0036122   .0029254    -1.23   0.217     -.009346    .0021216
        Tm17 |   -.006927   .0039185    -1.77   0.077    -.0146071    .0007532
        Tm16 |  -.0046195   .0017959    -2.57   0.010    -.0081394   -.0010996
        Tm15 |   .0018746   .0031836     0.59   0.556    -.0043651    .0081142
        Tm14 |   .0024692   .0034501     0.72   0.474    -.0042929    .0092314
        Tm13 |   .0002343   .0035805     0.07   0.948    -.0067834    .0072519
        Tm12 |  -.0033636   .0018907    -1.78   0.075    -.0070693    .0003421
        Tm11 |  -.0063155   .0023284    -2.71   0.007     -.010879   -.0017519
        Tm10 |  -.0081385   .0036744    -2.21   0.027    -.0153401   -.0009369
         Tm9 |  -.0043485   .0036729    -1.18   0.236    -.0115473    .0028503
         Tm8 |  -.0066214   .0025798    -2.57   0.010    -.0116777    -.001565
         Tm7 |  -.0058673   .0030443    -1.93   0.054     -.011834    .0000993
         Tm6 |  -.0024888   .0022197    -1.12   0.262    -.0068393    .0018618
         Tm5 |  -.0047457   .0029203    -1.63   0.104    -.0104694    .0009781
         Tm4 |  -.0025937   .0023081    -1.12   0.261    -.0071175    .0019301
         Tm3 |  -.0051025   .0043785    -1.17   0.244    -.0136842    .0034792
         Tm2 |  -.0046816   .0046153    -1.01   0.310    -.0137275    .0043642
         Tm1 |  -.0057752   .0046296    -1.25   0.212    -.0148491    .0032987
         Tp0 |   .0056084   .0019201     2.92   0.003     .0018451    .0093717
         Tp1 |   .0078418   .0040084     1.96   0.050    -.0000145    .0156981
         Tp2 |   .0121726   .0074887     1.63   0.104    -.0025051    .0268502
         Tp3 |   .0119261   .0097397     1.22   0.221    -.0071633    .0310156
         Tp4 |   .0101769   .0107762     0.94   0.345    -.0109441    .0312978
         Tp5 |   .0098983   .0117588     0.84   0.400    -.0131486    .0329452
         Tp6 |   .0095161   .0124964     0.76   0.446    -.0149764    .0340085
         Tp7 |   .0111317   .0119564     0.93   0.352    -.0123025    .0345659
------------------------------------------------------------------------------
(file C:\Users\local_toby_lowton\Temp\ST_3144_00000b.tmp not found)
file C:\Users\local_toby_lowton\Temp\ST_3144_00000b.tmp saved as .dta format

---------------------------------------------------------------------
            | Coefficient  Std. err.      t      [95% conf. interval]
------------+--------------------------------------------------------
    Pre_avg |  -.0038292   .0012455    -3.07    -.0073314    -.000327
   Post_avg |    .009784   .0078304     1.25    -.0122335    .0318015
       Tm23 |  -.0015578   .0027642    -0.56    -.0093302    .0062147
       Tm22 |  -.0030945   .0023234    -1.33    -.0096274    .0034384
       Tm21 |  -.0044458   .0029598    -1.50    -.0127681    .0038766
       Tm20 |   -.000976   .0019378    -0.50    -.0064247    .0044726
       Tm19 |  -.0073746   .0052092    -1.42    -.0220217    .0072726
       Tm18 |  -.0036122   .0029214    -1.24    -.0118267    .0046023
       Tm17 |   -.006927   .0035213    -1.97    -.0168283    .0029743
       Tm16 |  -.0046195   .0017336    -2.66     -.009494    .0002551
       Tm15 |   .0018746    .003126     0.60    -.0069152    .0106643
       Tm14 |   .0024692   .0034526     0.72    -.0072387    .0121772
       Tm13 |   .0002343     .00369     0.06    -.0101413    .0106098
       Tm12 |  -.0033636   .0015561    -2.16    -.0077389    .0010117
       Tm11 |  -.0063155   .0025524    -2.47    -.0134924    .0008615
       Tm10 |  -.0081385   .0036459    -2.23    -.0183901    .0021131
        Tm9 |  -.0043485   .0037872    -1.15    -.0149974    .0063004
        Tm8 |  -.0066214   .0023968    -2.76    -.0133606    .0001178
        Tm7 |  -.0058673   .0026808    -2.19    -.0134052    .0016705
        Tm6 |  -.0024888   .0019368    -1.28    -.0079347    .0029572
        Tm5 |  -.0047457   .0033685    -1.41    -.0142172    .0047258
        Tm4 |  -.0025937   .0026495    -0.98    -.0100437    .0048563
        Tm3 |  -.0051025   .0045838    -1.11    -.0179911    .0077861
        Tm2 |  -.0046816   .0051397    -0.91    -.0191334    .0097701
        Tm1 |  -.0057752   .0053265    -1.08    -.0207523     .009202
        Tp0 |   .0056084   .0015057     3.72     .0013746    .0098421
        Tp1 |   .0078418   .0034654     2.26    -.0019023    .0175858
        Tp2 |   .0121726   .0070566     1.73     -.007669    .0320141
        Tp3 |   .0119261   .0100151     1.19    -.0162344    .0400866
        Tp4 |   .0101769   .0101452     1.00    -.0183493     .038703
        Tp5 |   .0098983   .0107713     0.92    -.0203884    .0401849
        Tp6 |   .0095161   .0111911     0.85    -.0219509    .0409831
        Tp7 |   .0111317   .0115911     0.96      -.02146    .0437234
---------------------------------------------------------------------
file Outputs/Main/CSA_Incomplete_Pathways_DTA_Over_52_Weeks_Prop_Manual.png saved as PNG format
      name:  <unnamed>
       log:  C:\Users\toby_lowton\Documents\ERF_Research\Outputs/Main/CSA_Incomplete_Pathways_DTA_Over_52_Weeks_Prop_Manual.log
  log type:  text
 closed on:   6 Feb 2024, 16:52:58
------------------------------------------------------------------------------------------------------------------------------------
