------------------------------------------------------------------------------------------------------------------------------------
      name:  <unnamed>
       log:  C:\Users\toby_lowton\Documents\ERF_Research\Outputs/Main/CSA_Incomplete_Pathways_DTA_Over_65_Weeks_Prop_Manual.log
  log type:  text
 opened on:   6 Feb 2024, 16:52:58
...............................
Difference-in-difference with Multiple Time Periods

                                                         Number of obs = 4,096
Outcome model  : regression adjustment
Treatment model: none
------------------------------------------------------------------------------
             | Coefficient  Std. err.      z    P>|z|     [95% conf. interval]
-------------+----------------------------------------------------------------
g759         |
   t_735_736 |   .0023466   .0023372     1.00   0.315    -.0022342    .0069275
   t_736_737 |   .0057486   .0031466     1.83   0.068    -.0004187    .0119159
   t_737_738 |  -.0094865   .0042586    -2.23   0.026    -.0178332   -.0011398
   t_738_739 |  -.0038529   .0018051    -2.13   0.033    -.0073909   -.0003149
   t_739_740 |   -.008194   .0036234    -2.26   0.024    -.0152958   -.0010922
   t_740_741 |   -.006601   .0032628    -2.02   0.043     -.012996    -.000206
   t_741_742 |   -.009676   .0026442    -3.66   0.000    -.0148585   -.0044935
   t_742_743 |  -.0021587   .0015522    -1.39   0.164     -.005201    .0008836
   t_743_744 |   .0024836   .0030417     0.82   0.414    -.0034781    .0084453
   t_744_745 |  -.0004792   .0030883    -0.16   0.877    -.0065322    .0055739
   t_745_746 |  -.0054128   .0029512    -1.83   0.067     -.011197    .0003714
   t_746_747 |  -.0023995   .0022288    -1.08   0.282    -.0067679    .0019688
   t_747_748 |  -.0036825   .0020563    -1.79   0.073    -.0077128    .0003477
   t_748_749 |  -.0035137   .0023005    -1.53   0.127    -.0080226    .0009951
   t_749_750 |  -.0030287   .0021069    -1.44   0.151    -.0071581    .0011007
   t_750_751 |  -.0047729   .0012403    -3.85   0.000    -.0072039   -.0023419
   t_751_752 |  -.0033948   .0017467    -1.94   0.052    -.0068183    .0000286
   t_752_753 |  -.0025387   .0012648    -2.01   0.045    -.0050176   -.0000598
   t_753_754 |  -.0024876   .0021385    -1.16   0.245     -.006679    .0017039
   t_754_755 |   -.001933   .0013663    -1.41   0.157     -.004611     .000745
   t_755_756 |   5.95e-06   .0024928     0.00   0.998    -.0048798    .0048917
   t_756_757 |  -.0002586   .0018881    -0.14   0.891    -.0039593     .003442
   t_757_758 |  -.0023671   .0036273    -0.65   0.514    -.0094765    .0047423
   t_758_759 |   .0013572   .0008138     1.67   0.095    -.0002379    .0029523
   t_758_760 |   .0004822    .001533     0.31   0.753    -.0025223    .0034867
   t_758_761 |     .00256   .0021143     1.21   0.226     -.001584     .006704
   t_758_762 |   .0024761   .0020872     1.19   0.235    -.0016147    .0065669
   t_758_763 |   .0027221   .0027319     1.00   0.319    -.0026323    .0080765
   t_758_764 |   .0049433   .0048945     1.01   0.313    -.0046498    .0145364
   t_758_765 |   .0034306   .0039416     0.87   0.384    -.0042949     .011156
   t_758_766 |   .0047725    .003444     1.39   0.166    -.0019777    .0115227
------------------------------------------------------------------------------
Control: Never Treated

See Callaway and Sant'Anna (2021) for details
Pretrend Test. H0 Pre-treatment within window are equal to 0
chi2(23) =   366.5942
p-value  =     0.0000
File altnh.dta will be replaced
...............................
file altnh.dta saved

Difference-in-difference with Multiple Time Periods

                                                         Number of obs = 4,096
Outcome model  : regression adjustment
Treatment model: none
---------------------------------------------------------------------
            | Coefficient  Std. err.      t      [95% conf. interval]
------------+--------------------------------------------------------
g759        |
   t_735_736|   .0023466   .0023552     1.00    -.0052818     .009975
   t_736_737|   .0057486   .0028252     2.03     -.003402    .0148992
   t_737_738|  -.0094865    .004224    -2.25     -.023168     .004195
   t_738_739|  -.0038529   .0016164    -2.38    -.0090885    .0013827
   t_739_740|   -.008194   .0038506    -2.13    -.0206661    .0042781
   t_740_741|   -.006601    .003066    -2.15    -.0165315    .0033295
   t_741_742|   -.009676    .002626    -3.68    -.0181813   -.0011707
   t_742_743|  -.0021587   .0015371    -1.40    -.0071374    .0028201
   t_743_744|   .0024836   .0028563     0.87     -.006768    .0117352
   t_744_745|  -.0004792   .0017962    -0.27    -.0062968    .0053385
   t_745_746|  -.0054128    .002805    -1.93     -.014498    .0036724
   t_746_747|  -.0023995   .0015498    -1.55    -.0074194    .0026203
   t_747_748|  -.0036825   .0019533    -1.89    -.0100091     .002644
   t_748_749|  -.0035137   .0022364    -1.57    -.0107572    .0037297
   t_749_750|  -.0030287   .0018654    -1.62    -.0090707    .0030133
   t_750_751|  -.0047729    .001183    -4.03    -.0086047   -.0009412
   t_751_752|  -.0033948   .0018932    -1.79    -.0095267    .0027371
   t_752_753|  -.0025387   .0012993    -1.95     -.006747    .0016696
   t_753_754|  -.0024876   .0015103    -1.65    -.0073792    .0024041
   t_754_755|   -.001933   .0010853    -1.78    -.0054482    .0015821
   t_755_756|   5.95e-06   .0022478     0.00    -.0072745    .0072864
   t_756_757|  -.0002586   .0019003    -0.14    -.0064136    .0058963
   t_757_758|  -.0023671   .0035382    -0.67    -.0138273    .0090931
   t_758_759|   .0013572     .00085     1.60    -.0013959    .0041103
   t_758_760|   .0004822   .0014645     0.33    -.0042612    .0052256
   t_758_761|     .00256     .00217     1.18    -.0044684    .0095884
   t_758_762|   .0024761   .0021055     1.18    -.0043435    .0092957
   t_758_763|   .0027221   .0028965     0.94    -.0066595    .0121037
   t_758_764|   .0049433   .0048035     1.03    -.0106152    .0205018
   t_758_765|   .0034306   .0039443     0.87    -.0093448     .016206
   t_758_766|   .0047725   .0037216     1.28    -.0072815    .0168265
---------------------------------------------------------------------
Control: Never Treated

See Callaway and Sant'Anna (2021) for details
Test will be based on asymptotic VCoV
If you want aggregations based on WB, use option saverif() ad csdid_stats
ATT by Periods Before and After treatment
Event Study:Dynamic effects
------------------------------------------------------------------------------
             | Coefficient  Std. err.      z    P>|z|     [95% conf. interval]
-------------+----------------------------------------------------------------
     Pre_avg |  -.0028545   .0009141    -3.12   0.002    -.0046461   -.0010629
    Post_avg |    .002843   .0024131     1.18   0.239    -.0018866    .0075726
        Tm23 |   .0023466   .0023372     1.00   0.315    -.0022342    .0069275
        Tm22 |   .0057486   .0031466     1.83   0.068    -.0004187    .0119159
        Tm21 |  -.0094865   .0042586    -2.23   0.026    -.0178332   -.0011398
        Tm20 |  -.0038529   .0018051    -2.13   0.033    -.0073909   -.0003149
        Tm19 |   -.008194   .0036234    -2.26   0.024    -.0152958   -.0010922
        Tm18 |   -.006601   .0032628    -2.02   0.043     -.012996    -.000206
        Tm17 |   -.009676   .0026442    -3.66   0.000    -.0148585   -.0044935
        Tm16 |  -.0021587   .0015522    -1.39   0.164     -.005201    .0008836
        Tm15 |   .0024836   .0030417     0.82   0.414    -.0034781    .0084453
        Tm14 |  -.0004792   .0030883    -0.16   0.877    -.0065322    .0055739
        Tm13 |  -.0054128   .0029512    -1.83   0.067     -.011197    .0003714
        Tm12 |  -.0023995   .0022288    -1.08   0.282    -.0067679    .0019688
        Tm11 |  -.0036825   .0020563    -1.79   0.073    -.0077128    .0003477
        Tm10 |  -.0035137   .0023005    -1.53   0.127    -.0080226    .0009951
         Tm9 |  -.0030287   .0021069    -1.44   0.151    -.0071581    .0011007
         Tm8 |  -.0047729   .0012403    -3.85   0.000    -.0072039   -.0023419
         Tm7 |  -.0033948   .0017467    -1.94   0.052    -.0068183    .0000286
         Tm6 |  -.0025387   .0012648    -2.01   0.045    -.0050176   -.0000598
         Tm5 |  -.0024876   .0021385    -1.16   0.245     -.006679    .0017039
         Tm4 |   -.001933   .0013663    -1.41   0.157     -.004611     .000745
         Tm3 |   5.95e-06   .0024928     0.00   0.998    -.0048798    .0048917
         Tm2 |  -.0002586   .0018881    -0.14   0.891    -.0039593     .003442
         Tm1 |  -.0023671   .0036273    -0.65   0.514    -.0094765    .0047423
         Tp0 |   .0013572   .0008138     1.67   0.095    -.0002379    .0029523
         Tp1 |   .0004822    .001533     0.31   0.753    -.0025223    .0034867
         Tp2 |     .00256   .0021143     1.21   0.226     -.001584     .006704
         Tp3 |   .0024761   .0020872     1.19   0.235    -.0016147    .0065669
         Tp4 |   .0027221   .0027319     1.00   0.319    -.0026323    .0080765
         Tp5 |   .0049433   .0048945     1.01   0.313    -.0046498    .0145364
         Tp6 |   .0034306   .0039416     0.87   0.384    -.0042949     .011156
         Tp7 |   .0047725    .003444     1.39   0.166    -.0019777    .0115227
------------------------------------------------------------------------------
(file C:\Users\local_toby_lowton\Temp\ST_3144_00000c.tmp not found)
file C:\Users\local_toby_lowton\Temp\ST_3144_00000c.tmp saved as .dta format

---------------------------------------------------------------------
            | Coefficient  Std. err.      t      [95% conf. interval]
------------+--------------------------------------------------------
    Pre_avg |  -.0028545   .0007485    -3.81    -.0054091   -.0002999
   Post_avg |    .002843   .0026049     1.09    -.0060473    .0117332
       Tm23 |   .0023466   .0021338     1.10    -.0049361    .0096293
       Tm22 |   .0057486   .0029581     1.94    -.0043472    .0158444
       Tm21 |  -.0094865    .004053    -2.34    -.0233191    .0043461
       Tm20 |  -.0038529   .0015619    -2.47    -.0091837    .0014779
       Tm19 |   -.008194   .0033692    -2.43    -.0196928    .0033048
       Tm18 |   -.006601   .0030836    -2.14    -.0171253    .0039233
       Tm17 |   -.009676   .0024543    -3.94    -.0180524   -.0012996
       Tm16 |  -.0021587   .0015102    -1.43     -.007313    .0029956
       Tm15 |   .0024836   .0027422     0.91    -.0068756    .0118428
       Tm14 |  -.0004792   .0017405    -0.28    -.0064192    .0054609
       Tm13 |  -.0054128   .0029893    -1.81    -.0156153    .0047897
       Tm12 |  -.0023995   .0013956    -1.72    -.0071628    .0023637
       Tm11 |  -.0036825   .0021595    -1.71    -.0110528    .0036877
       Tm10 |  -.0035137   .0022628    -1.55    -.0112366    .0042091
        Tm9 |  -.0030287     .00185    -1.64    -.0093425    .0032851
        Tm8 |  -.0047729   .0011875    -4.02    -.0088257   -.0007201
        Tm7 |  -.0033948   .0017957    -1.89    -.0095233    .0027336
        Tm6 |  -.0025387    .001124    -2.26    -.0063748    .0012973
        Tm5 |  -.0024876   .0017582    -1.41    -.0084883    .0035132
        Tm4 |   -.001933   .0010792    -1.79    -.0056163    .0017503
        Tm3 |   5.95e-06    .002616     0.00    -.0089223    .0089342
        Tm2 |  -.0002586   .0019017    -0.14    -.0067489    .0062316
        Tm1 |  -.0023671   .0032421    -0.73    -.0134322     .008698
        Tp0 |   .0013572   .0008049     1.69      -.00139    .0041044
        Tp1 |   .0004822   .0015664     0.31    -.0048638    .0058282
        Tp2 |     .00256   .0021731     1.18    -.0048567    .0099767
        Tp3 |   .0024761   .0020377     1.22    -.0044786    .0094308
        Tp4 |   .0027221   .0029079     0.94    -.0072026    .0126468
        Tp5 |   .0049433    .004824     1.02    -.0115208    .0214074
        Tp6 |   .0034306   .0039209     0.87    -.0099513    .0168125
        Tp7 |   .0047725   .0036344     1.31    -.0076316    .0171766
---------------------------------------------------------------------
file Outputs/Main/CSA_Incomplete_Pathways_DTA_Over_65_Weeks_Prop_Manual.png saved as PNG format
      name:  <unnamed>
       log:  C:\Users\toby_lowton\Documents\ERF_Research\Outputs/Main/CSA_Incomplete_Pathways_DTA_Over_65_Weeks_Prop_Manual.log
  log type:  text
 closed on:   6 Feb 2024, 16:53:02
------------------------------------------------------------------------------------------------------------------------------------
