------------------------------------------------------------------------------------------------------------------------------------
      name:  <unnamed>
       log:  C:\Users\toby_lowton\Documents\ERF_Research\Outputs/Main/CSA_Non-Admitted_Pathways_Over_65_Weeks_Prop.log
  log type:  text
 opened on:   6 Feb 2024, 16:51:14
...............................
Difference-in-difference with Multiple Time Periods

                                                         Number of obs = 4,128
Outcome model  : regression adjustment
Treatment model: none
------------------------------------------------------------------------------
             | Coefficient  Std. err.      z    P>|z|     [95% conf. interval]
-------------+----------------------------------------------------------------
g759         |
   t_735_736 |  -.0012511   .0015057    -0.83   0.406    -.0042022       .0017
   t_736_737 |   .0007217   .0018348     0.39   0.694    -.0028744    .0043179
   t_737_738 |   .0010806   .0015083     0.72   0.474    -.0018756    .0040369
   t_738_739 |  -.0003695   .0024176    -0.15   0.879     -.005108    .0043689
   t_739_740 |   .0014587   .0014197     1.03   0.304    -.0013239    .0042413
   t_740_741 |   .0025507   .0021529     1.18   0.236    -.0016688    .0067703
   t_741_742 |  -.0017323   .0026461    -0.65   0.513    -.0069186     .003454
   t_742_743 |  -.0027043   .0020306    -1.33   0.183    -.0066843    .0012756
   t_743_744 |  -.0008293   .0030122    -0.28   0.783    -.0067332    .0050746
   t_744_745 |  -.0023349   .0034687    -0.67   0.501    -.0091336    .0044637
   t_745_746 |   .0014807   .0019719     0.75   0.453    -.0023842    .0053456
   t_746_747 |   .0003862   .0015508     0.25   0.803    -.0026534    .0034257
   t_747_748 |   .0025276   .0017231     1.47   0.142    -.0008495    .0059048
   t_748_749 |   -.000324   .0024168    -0.13   0.893    -.0050609     .004413
   t_749_750 |  -.0045544   .0040039    -1.14   0.255     -.012402    .0032932
   t_750_751 |  -.0000704   .0014189    -0.05   0.960    -.0028514    .0027106
   t_751_752 |  -.0035608   .0013924    -2.56   0.011    -.0062898   -.0008317
   t_752_753 |   .0019343   .0019055     1.02   0.310    -.0018003    .0056689
   t_753_754 |  -.0021145   .0035187    -0.60   0.548     -.009011    .0047821
   t_754_755 |  -.0069059   .0032283    -2.14   0.032    -.0132331   -.0005786
   t_755_756 |   -.007871   .0019572    -4.02   0.000    -.0117071   -.0040349
   t_756_757 |    .001542   .0018812     0.82   0.412     -.002145     .005229
   t_757_758 |   .0021931   .0027308     0.80   0.422    -.0031591    .0075453
   t_758_759 |   .0042174   .0021095     2.00   0.046     .0000828    .0083521
   t_758_760 |   .0044772   .0025925     1.73   0.084    -.0006039    .0095584
   t_758_761 |    .002126   .0019307     1.10   0.271    -.0016581    .0059101
   t_758_762 |   .0046465   .0025241     1.84   0.066    -.0003007    .0095938
   t_758_763 |   .0043655   .0028215     1.55   0.122    -.0011646    .0098955
   t_758_764 |   .0060117    .003308     1.82   0.069    -.0004719    .0124954
   t_758_765 |   .0067542   .0041056     1.65   0.100    -.0012927    .0148012
   t_758_766 |   .0049354   .0028945     1.71   0.088    -.0007377    .0106086
------------------------------------------------------------------------------
Control: Never Treated

See Callaway and Sant'Anna (2021) for details
Pretrend Test. H0 Pre-treatment within window are equal to 0
chi2(23) =    97.0304
p-value  =     0.0000
File altnh.dta will be replaced
...............................
file altnh.dta saved

Difference-in-difference with Multiple Time Periods

                                                         Number of obs = 4,128
Outcome model  : regression adjustment
Treatment model: none
---------------------------------------------------------------------
            | Coefficient  Std. err.      t      [95% conf. interval]
------------+--------------------------------------------------------
g759        |
   t_735_736|  -.0012511   .0014392    -0.87    -.0052472     .002745
   t_736_737|   .0007217   .0018292     0.39    -.0043573    .0058008
   t_737_738|   .0010806   .0014207     0.76    -.0028642    .0050255
   t_738_739|  -.0003695   .0021284    -0.17    -.0062792    .0055401
   t_739_740|   .0014587   .0014829     0.98    -.0026588    .0055762
   t_740_741|   .0025507   .0020286     1.26     -.003082    .0081835
   t_741_742|  -.0017323   .0029412    -0.59     -.009899    .0064344
   t_742_743|  -.0027043   .0020365    -1.33    -.0083589    .0029502
   t_743_744|  -.0008293   .0034107    -0.24    -.0102994    .0086408
   t_744_745|  -.0023349   .0042481    -0.55    -.0141301    .0094603
   t_745_746|   .0014807   .0017784     0.83    -.0034573    .0064187
   t_746_747|   .0003862   .0015599     0.25    -.0039452    .0047175
   t_747_748|   .0025276   .0019388     1.30    -.0028557    .0079109
   t_748_749|   -.000324   .0023508    -0.14    -.0068512    .0062033
   t_749_750|  -.0045544   .0045073    -1.01    -.0170695    .0079606
   t_750_751|  -.0000704   .0013677    -0.05    -.0038679    .0037272
   t_751_752|  -.0035608   .0014361    -2.48    -.0075482    .0004266
   t_752_753|   .0019343   .0017867     1.08    -.0030268    .0068953
   t_753_754|  -.0021145   .0036345    -0.58    -.0122059     .007977
   t_754_755|  -.0069059   .0037317    -1.85    -.0172673    .0034555
   t_755_756|   -.007871   .0019501    -4.04    -.0132855   -.0024564
   t_756_757|    .001542   .0020501     0.75    -.0041502    .0072342
   t_757_758|   .0021931    .002914     0.75     -.005898    .0102841
   t_758_759|   .0042174   .0019253     2.19    -.0011284    .0095632
   t_758_760|   .0044772   .0023174     1.93    -.0019573    .0109118
   t_758_761|    .002126   .0019354     1.10    -.0032478    .0074998
   t_758_762|   .0046465    .002603     1.79     -.002581    .0118741
   t_758_763|   .0043655   .0028767     1.52     -.003622    .0123529
   t_758_764|   .0060117   .0033798     1.78    -.0033726    .0153961
   t_758_765|   .0067542   .0040628     1.66    -.0045267    .0180351
   t_758_766|   .0049354   .0031031     1.59    -.0036806    .0135515
---------------------------------------------------------------------
Control: Never Treated

See Callaway and Sant'Anna (2021) for details
Test will be based on asymptotic VCoV
If you want aggregations based on WB, use option saverif() ad csdid_stats
ATT by Periods Before and After treatment
Event Study:Dynamic effects
------------------------------------------------------------------------------
             | Coefficient  Std. err.      z    P>|z|     [95% conf. interval]
-------------+----------------------------------------------------------------
     Pre_avg |  -.0008151   .0001957    -4.17   0.000    -.0011986   -.0004315
    Post_avg |   .0046918   .0023961     1.96   0.050    -4.53e-06    .0093881
        Tm23 |  -.0012511   .0015057    -0.83   0.406    -.0042022       .0017
        Tm22 |   .0007217   .0018348     0.39   0.694    -.0028744    .0043179
        Tm21 |   .0010806   .0015083     0.72   0.474    -.0018756    .0040369
        Tm20 |  -.0003695   .0024176    -0.15   0.879     -.005108    .0043689
        Tm19 |   .0014587   .0014197     1.03   0.304    -.0013239    .0042413
        Tm18 |   .0025507   .0021529     1.18   0.236    -.0016688    .0067703
        Tm17 |  -.0017323   .0026461    -0.65   0.513    -.0069186     .003454
        Tm16 |  -.0027043   .0020306    -1.33   0.183    -.0066843    .0012756
        Tm15 |  -.0008293   .0030122    -0.28   0.783    -.0067332    .0050746
        Tm14 |  -.0023349   .0034687    -0.67   0.501    -.0091336    .0044637
        Tm13 |   .0014807   .0019719     0.75   0.453    -.0023842    .0053456
        Tm12 |   .0003862   .0015508     0.25   0.803    -.0026534    .0034257
        Tm11 |   .0025276   .0017231     1.47   0.142    -.0008495    .0059048
        Tm10 |   -.000324   .0024168    -0.13   0.893    -.0050609     .004413
         Tm9 |  -.0045544   .0040039    -1.14   0.255     -.012402    .0032932
         Tm8 |  -.0000704   .0014189    -0.05   0.960    -.0028514    .0027106
         Tm7 |  -.0035608   .0013924    -2.56   0.011    -.0062898   -.0008317
         Tm6 |   .0019343   .0019055     1.02   0.310    -.0018003    .0056689
         Tm5 |  -.0021145   .0035187    -0.60   0.548     -.009011    .0047821
         Tm4 |  -.0069059   .0032283    -2.14   0.032    -.0132331   -.0005786
         Tm3 |   -.007871   .0019572    -4.02   0.000    -.0117071   -.0040349
         Tm2 |    .001542   .0018812     0.82   0.412     -.002145     .005229
         Tm1 |   .0021931   .0027308     0.80   0.422    -.0031591    .0075453
         Tp0 |   .0042174   .0021095     2.00   0.046     .0000828    .0083521
         Tp1 |   .0044772   .0025925     1.73   0.084    -.0006039    .0095584
         Tp2 |    .002126   .0019307     1.10   0.271    -.0016581    .0059101
         Tp3 |   .0046465   .0025241     1.84   0.066    -.0003007    .0095938
         Tp4 |   .0043655   .0028215     1.55   0.122    -.0011646    .0098955
         Tp5 |   .0060117    .003308     1.82   0.069    -.0004719    .0124954
         Tp6 |   .0067542   .0041056     1.65   0.100    -.0012927    .0148012
         Tp7 |   .0049354   .0028945     1.71   0.088    -.0007377    .0106086
------------------------------------------------------------------------------
(file C:\Users\local_toby_lowton\Temp\ST_3144_000004.tmp not found)
file C:\Users\local_toby_lowton\Temp\ST_3144_000004.tmp saved as .dta format

---------------------------------------------------------------------
            | Coefficient  Std. err.      t      [95% conf. interval]
------------+--------------------------------------------------------
    Pre_avg |  -.0008151   .0002048    -3.98    -.0014018   -.0002284
   Post_avg |   .0046918   .0023551     1.99    -.0020547    .0114383
       Tm23 |  -.0012511   .0014967    -0.84    -.0055387    .0030365
       Tm22 |   .0007217   .0017114     0.42    -.0041807    .0056242
       Tm21 |   .0010806   .0015447     0.70    -.0033443    .0055055
       Tm20 |  -.0003695   .0019034    -0.19    -.0058221    .0050831
       Tm19 |   .0014587   .0014094     1.04    -.0025786     .005496
       Tm18 |   .0025507   .0020381     1.25    -.0032876    .0083891
       Tm17 |  -.0017323   .0028196    -0.61    -.0098094    .0063448
       Tm16 |  -.0027043   .0019795    -1.37    -.0083748    .0029662
       Tm15 |  -.0008293   .0032359    -0.26    -.0100988    .0084402
       Tm14 |  -.0023349   .0039521    -0.59    -.0136563    .0089864
       Tm13 |   .0014807   .0017178     0.86    -.0034402    .0064016
       Tm12 |   .0003862   .0014816     0.26     -.003858    .0046303
       Tm11 |   .0025276    .001779     1.42    -.0025685    .0076238
       Tm10 |   -.000324   .0022846    -0.14    -.0068686    .0062206
        Tm9 |  -.0045544   .0043195    -1.05     -.016928    .0078191
        Tm8 |  -.0000704   .0015291    -0.05    -.0044506    .0043099
        Tm7 |  -.0035608   .0013275    -2.68    -.0073636    .0002421
        Tm6 |   .0019343   .0017144     1.13    -.0029767    .0068452
        Tm5 |  -.0021145   .0034002    -0.62    -.0118548    .0076259
        Tm4 |  -.0069059   .0034279    -2.01    -.0167255    .0029137
        Tm3 |   -.007871    .002022    -3.89    -.0136633   -.0020787
        Tm2 |    .001542   .0018725     0.82     -.003822     .006906
        Tm1 |   .0021931   .0026626     0.82    -.0054343    .0098204
        Tp0 |   .0042174    .002031     2.08    -.0016007    .0100356
        Tp1 |   .0044772   .0021879     2.05    -.0017902    .0107447
        Tp2 |    .002126   .0018677     1.14    -.0032243    .0074763
        Tp3 |   .0046465   .0025375     1.83    -.0026225    .0119156
        Tp4 |   .0043655   .0028058     1.56    -.0036719    .0124029
        Tp5 |   .0060117   .0031799     1.89    -.0030975     .015121
        Tp6 |   .0067542   .0039492     1.71    -.0045586    .0180671
        Tp7 |   .0049354    .002828     1.75    -.0031658    .0130366
---------------------------------------------------------------------
file Outputs/Main/CSA_Non-Admitted_Pathways_Over_65_Weeks_Prop.png saved as PNG format
      name:  <unnamed>
       log:  C:\Users\toby_lowton\Documents\ERF_Research\Outputs/Main/CSA_Non-Admitted_Pathways_Over_65_Weeks_Prop.log
  log type:  text
 closed on:   6 Feb 2024, 16:51:18
------------------------------------------------------------------------------------------------------------------------------------
