------------------------------------------------------------------------------------------------------------------------------------
      name:  <unnamed>
       log:  C:\Users\toby_lowton\Documents\ERF_Research\Outputs/Main/CSA_Admitted_Pathways_Over_65_Weeks_Prop.log
  log type:  text
 opened on:   6 Feb 2024, 16:52:35
...............................
Difference-in-difference with Multiple Time Periods

                                                         Number of obs = 4,128
Outcome model  : regression adjustment
Treatment model: none
------------------------------------------------------------------------------
             | Coefficient  Std. err.      z    P>|z|     [95% conf. interval]
-------------+----------------------------------------------------------------
g759         |
   t_735_736 |    .013537   .0135557     1.00   0.318    -.0130317    .0401058
   t_736_737 |  -.0055284   .0097248    -0.57   0.570    -.0245887    .0135319
   t_737_738 |   .0144482   .0079026     1.83   0.068    -.0010406    .0299371
   t_738_739 |  -.0069315   .0048798    -1.42   0.155    -.0164958    .0026327
   t_739_740 |   .0067204   .0103348     0.65   0.516    -.0135354    .0269762
   t_740_741 |   .0003252   .0165984     0.02   0.984    -.0322071    .0328575
   t_741_742 |   .0040131   .0080416     0.50   0.618    -.0117481    .0197744
   t_742_743 |  -.0056981   .0102415    -0.56   0.578     -.025771    .0143749
   t_743_744 |  -.0150141   .0053754    -2.79   0.005    -.0255498   -.0044784
   t_744_745 |   .0075953   .0066431     1.14   0.253     -.005425    .0206156
   t_745_746 |   .0087975   .0079936     1.10   0.271    -.0068697    .0244647
   t_746_747 |  -.0031233   .0028645    -1.09   0.276    -.0087376     .002491
   t_747_748 |    .000902   .0040801     0.22   0.825    -.0070949    .0088988
   t_748_749 |  -.0004608   .0065452    -0.07   0.944    -.0132891    .0123676
   t_749_750 |  -.0034732   .0097294    -0.36   0.721    -.0225425     .015596
   t_750_751 |   -.000782   .0076087    -0.10   0.918    -.0156947    .0141308
   t_751_752 |  -.0026651   .0026585    -1.00   0.316    -.0078756    .0025453
   t_752_753 |  -.0090585   .0036966    -2.45   0.014    -.0163038   -.0018133
   t_753_754 |  -.0111306   .0096367    -1.16   0.248    -.0300181     .007757
   t_754_755 |   .0040628   .0033928     1.20   0.231    -.0025869    .0107125
   t_755_756 |  -.0080748   .0042722    -1.89   0.059    -.0164481    .0002985
   t_756_757 |  -.0051834   .0045748    -1.13   0.257    -.0141498    .0037829
   t_757_758 |    .004322   .0092641     0.47   0.641    -.0138353    .0224793
   t_758_759 |  -.0057395   .0124293    -0.46   0.644    -.0301004    .0186214
   t_758_760 |  -.0050698   .0105334    -0.48   0.630    -.0257148    .0155752
   t_758_761 |  -.0074602   .0141626    -0.53   0.598    -.0352184    .0202981
   t_758_762 |  -.0020646   .0109248    -0.19   0.850    -.0234768    .0193477
   t_758_763 |  -.0076288    .013386    -0.57   0.569    -.0338649    .0186073
   t_758_764 |  -.0088971   .0138316    -0.64   0.520    -.0360066    .0182124
   t_758_765 |  -.0106892   .0097639    -1.09   0.274    -.0298261    .0084476
   t_758_766 |  -.0088974    .008499    -1.05   0.295    -.0255551    .0077603
------------------------------------------------------------------------------
Control: Never Treated

See Callaway and Sant'Anna (2021) for details
Pretrend Test. H0 Pre-treatment within window are equal to 0
chi2(23) =   230.3159
p-value  =     0.0000
File altnh.dta will be replaced
...............................
file altnh.dta saved

Difference-in-difference with Multiple Time Periods

                                                         Number of obs = 4,128
Outcome model  : regression adjustment
Treatment model: none
---------------------------------------------------------------------
            | Coefficient  Std. err.      t      [95% conf. interval]
------------+--------------------------------------------------------
g759        |
   t_735_736|    .013537   .0111108     1.22    -.0281235    .0551976
   t_736_737|  -.0055284   .0098357    -0.56    -.0424079    .0313511
   t_737_738|   .0144482   .0064666     2.23    -.0097986    .0386951
   t_738_739|  -.0069315   .0046858    -1.48    -.0245013    .0106382
   t_739_740|   .0067204   .0128576     0.52      -.04149    .0549307
   t_740_741|   .0003252   .0080593     0.04    -.0298934    .0305438
   t_741_742|   .0040131   .0086072     0.47    -.0282602    .0362865
   t_742_743|  -.0056981   .0123907    -0.46    -.0521574    .0407613
   t_743_744|  -.0150141   .0052226    -2.87    -.0345963    .0045681
   t_744_745|   .0075953   .0068608     1.11    -.0181295    .0333201
   t_745_746|   .0087975   .0080247     1.10    -.0212915    .0388865
   t_746_747|  -.0031233   .0029265    -1.07    -.0140963    .0078498
   t_747_748|    .000902   .0039315     0.23    -.0138393    .0156433
   t_748_749|  -.0004608   .0070486    -0.07    -.0268899    .0259684
   t_749_750|  -.0034732   .0096561    -0.36    -.0396791    .0327326
   t_750_751|   -.000782   .0079902    -0.10    -.0307415    .0291775
   t_751_752|  -.0026651   .0025213    -1.06    -.0121187    .0067884
   t_752_753|  -.0090585    .003493    -2.59    -.0221559    .0040388
   t_753_754|  -.0111306   .0087589    -1.27    -.0439724    .0217112
   t_754_755|   .0040628    .003427     1.19    -.0087868    .0169125
   t_755_756|  -.0080748   .0042052    -1.92    -.0238425    .0076929
   t_756_757|  -.0051834    .004956    -1.05    -.0237661    .0133992
   t_757_758|    .004322   .0078529     0.55    -.0251229    .0337669
   t_758_759|  -.0057395    .011096    -0.52    -.0473446    .0358655
   t_758_760|  -.0050698   .0088959    -0.57    -.0384252    .0282856
   t_758_761|  -.0074602   .0119299    -0.63     -.052192    .0372716
   t_758_762|  -.0020646   .0101114    -0.20    -.0399776    .0358484
   t_758_763|  -.0076288   .0123219    -0.62    -.0538304    .0385727
   t_758_764|  -.0088971   .0115998    -0.77    -.0523911    .0345969
   t_758_765|  -.0106892   .0071852    -1.49    -.0376305     .016252
   t_758_766|  -.0088974   .0084145    -1.06    -.0404479    .0226531
---------------------------------------------------------------------
Control: Never Treated

See Callaway and Sant'Anna (2021) for details
Test will be based on asymptotic VCoV
If you want aggregations based on WB, use option saverif() ad csdid_stats
ATT by Periods Before and After treatment
Event Study:Dynamic effects
------------------------------------------------------------------------------
             | Coefficient  Std. err.      z    P>|z|     [95% conf. interval]
-------------+----------------------------------------------------------------
     Pre_avg |  -.0005391    .000838    -0.64   0.520    -.0021816    .0011033
    Post_avg |  -.0070558   .0109925    -0.64   0.521    -.0286007     .014489
        Tm23 |    .013537   .0135557     1.00   0.318    -.0130317    .0401058
        Tm22 |  -.0055284   .0097248    -0.57   0.570    -.0245887    .0135319
        Tm21 |   .0144482   .0079026     1.83   0.068    -.0010406    .0299371
        Tm20 |  -.0069315   .0048798    -1.42   0.155    -.0164958    .0026327
        Tm19 |   .0067204   .0103348     0.65   0.516    -.0135354    .0269762
        Tm18 |   .0003252   .0165984     0.02   0.984    -.0322071    .0328575
        Tm17 |   .0040131   .0080416     0.50   0.618    -.0117481    .0197744
        Tm16 |  -.0056981   .0102415    -0.56   0.578     -.025771    .0143749
        Tm15 |  -.0150141   .0053754    -2.79   0.005    -.0255498   -.0044784
        Tm14 |   .0075953   .0066431     1.14   0.253     -.005425    .0206156
        Tm13 |   .0087975   .0079936     1.10   0.271    -.0068697    .0244647
        Tm12 |  -.0031233   .0028645    -1.09   0.276    -.0087376     .002491
        Tm11 |    .000902   .0040801     0.22   0.825    -.0070949    .0088988
        Tm10 |  -.0004608   .0065452    -0.07   0.944    -.0132891    .0123676
         Tm9 |  -.0034732   .0097294    -0.36   0.721    -.0225425     .015596
         Tm8 |   -.000782   .0076087    -0.10   0.918    -.0156947    .0141308
         Tm7 |  -.0026651   .0026585    -1.00   0.316    -.0078756    .0025453
         Tm6 |  -.0090585   .0036966    -2.45   0.014    -.0163038   -.0018133
         Tm5 |  -.0111306   .0096367    -1.16   0.248    -.0300181     .007757
         Tm4 |   .0040628   .0033928     1.20   0.231    -.0025869    .0107125
         Tm3 |  -.0080748   .0042722    -1.89   0.059    -.0164481    .0002985
         Tm2 |  -.0051834   .0045748    -1.13   0.257    -.0141498    .0037829
         Tm1 |    .004322   .0092641     0.47   0.641    -.0138353    .0224793
         Tp0 |  -.0057395   .0124293    -0.46   0.644    -.0301004    .0186214
         Tp1 |  -.0050698   .0105334    -0.48   0.630    -.0257148    .0155752
         Tp2 |  -.0074602   .0141626    -0.53   0.598    -.0352184    .0202981
         Tp3 |  -.0020646   .0109248    -0.19   0.850    -.0234768    .0193477
         Tp4 |  -.0076288    .013386    -0.57   0.569    -.0338649    .0186073
         Tp5 |  -.0088971   .0138316    -0.64   0.520    -.0360066    .0182124
         Tp6 |  -.0106892   .0097639    -1.09   0.274    -.0298261    .0084476
         Tp7 |  -.0088974    .008499    -1.05   0.295    -.0255551    .0077603
------------------------------------------------------------------------------
(file C:\Users\local_toby_lowton\Temp\ST_3144_000004.tmp not found)
file C:\Users\local_toby_lowton\Temp\ST_3144_000004.tmp saved as .dta format

---------------------------------------------------------------------
            | Coefficient  Std. err.      t      [95% conf. interval]
------------+--------------------------------------------------------
    Pre_avg |  -.0005391   .0008147    -0.66      -.00362    .0025417
   Post_avg |  -.0070558    .011351    -0.62    -.0499785    .0358668
       Tm23 |    .013537   .0111069     1.22    -.0284623    .0555364
       Tm22 |  -.0055284   .0099591    -0.56    -.0431876    .0321308
       Tm21 |   .0144482   .0061986     2.33    -.0089912    .0378877
       Tm20 |  -.0069315    .004625    -1.50    -.0244205    .0105574
       Tm19 |   .0067204   .0110552     0.61    -.0350835    .0485242
       Tm18 |   .0003252   .0079105     0.04    -.0295873    .0302377
       Tm17 |   .0040131   .0077625     0.52    -.0253397     .033366
       Tm16 |  -.0056981   .0110834    -0.51    -.0476088    .0362126
       Tm15 |  -.0150141   .0049001    -3.06    -.0335432     .003515
       Tm14 |   .0075953   .0068542     1.11     -.018323    .0335136
       Tm13 |   .0087975   .0076062     1.16    -.0199644    .0375594
       Tm12 |  -.0031233   .0028736    -1.09    -.0139896     .007743
       Tm11 |    .000902   .0040031     0.23    -.0142352    .0160392
       Tm10 |  -.0004608   .0061878    -0.07    -.0238591    .0229376
        Tm9 |  -.0034732   .0079469    -0.44    -.0335234    .0265769
        Tm8 |   -.000782    .006244    -0.13    -.0243929     .022829
        Tm7 |  -.0026651   .0025896    -1.03    -.0124573     .007127
        Tm6 |  -.0090585   .0036626    -2.47    -.0229084    .0047913
        Tm5 |  -.0111306   .0075148    -1.48    -.0395469    .0172858
        Tm4 |   .0040628   .0033871     1.20     -.008745    .0168707
        Tm3 |  -.0080748   .0041829    -1.93    -.0238921    .0077425
        Tm2 |  -.0051834   .0046771    -1.11    -.0228693    .0125025
        Tm1 |    .004322   .0061879     0.70    -.0190769    .0277209
        Tp0 |  -.0057395   .0125301    -0.46    -.0531205    .0416414
        Tp1 |  -.0050698    .009602    -0.53    -.0413786    .0312389
        Tp2 |  -.0074602    .014001    -0.53    -.0604033    .0454829
        Tp3 |  -.0020646   .0105123    -0.20    -.0418158    .0376867
        Tp4 |  -.0076288   .0146106    -0.52    -.0628773    .0476196
        Tp5 |  -.0088971    .012693    -0.70    -.0568942    .0390999
        Tp6 |  -.0106892   .0079467    -1.35    -.0407389    .0193604
        Tp7 |  -.0088974   .0085079    -1.05    -.0410689    .0232741
---------------------------------------------------------------------
file Outputs/Main/CSA_Admitted_Pathways_Over_65_Weeks_Prop.png saved as PNG format
      name:  <unnamed>
       log:  C:\Users\toby_lowton\Documents\ERF_Research\Outputs/Main/CSA_Admitted_Pathways_Over_65_Weeks_Prop.log
  log type:  text
 closed on:   6 Feb 2024, 16:52:39
------------------------------------------------------------------------------------------------------------------------------------
